2023-12-19 09:41:22,252 [INFO] 守护进程线程 file server check 正在执行...
2023-12-19 09:41:22,253 [INFO] 线程 file server check 正在运行，等待 20 秒后继续执行.
2023-12-19 09:41:22,254 [INFO] 守护进程线程 system server check 正在执行...
2023-12-19 09:41:22,254 [INFO] 线程 system server check 正在运行，等待 10 秒后继续执行.
2023-12-19 09:41:22,595 [INFO] 配置文件被修改，重新加载配置...
2023-12-19 09:41:23,602 [INFO] 配置文件被修改，重新加载配置...
2023-12-19 09:41:24,609 [INFO] 配置文件被修改，重新加载配置...
2023-12-19 09:41:25,614 [INFO] 配置文件被修改，重新加载配置...
2023-12-19 09:41:26,621 [INFO] 配置文件被修改，重新加载配置...
2023-12-19 09:41:27,631 [INFO] 配置文件被修改，重新加载配置...
2023-12-19 09:41:28,021 [INFO] 用户中断程序，程序中断开始，请稍后...
2023-12-19 09:49:08,738 [INFO] 守护进程线程 file server check 正在执行...
2023-12-19 09:49:08,739 [INFO] 线程 file server check 正在运行，等待 20 秒后继续执行.
2023-12-19 09:49:08,740 [INFO] 守护进程线程 system server check 正在执行...
2023-12-19 09:49:08,740 [INFO] 线程 system server check 正在运行，等待 10 秒后继续执行.
2023-12-19 09:49:13,912 [INFO] 用户中断程序，程序中断开始，请稍后...
2023-12-19 09:49:44,657 [INFO] 守护进程线程 file server check 正在执行...
2023-12-19 09:49:44,659 [INFO] 线程 file server check 正在运行，等待 20 秒后继续执行.
2023-12-19 09:49:44,660 [INFO] 守护进程线程 system server check 正在执行...
2023-12-19 09:49:44,661 [INFO] 线程 system server check 正在运行，等待 10 秒后继续执行.
2023-12-19 09:49:48,568 [INFO] 用户中断程序，程序中断开始，请稍后...
2023-12-19 09:49:57,334 [INFO] 守护进程线程 system server check 正在执行...
2023-12-19 09:50:17,863 [INFO] 守护进程线程 file server check 正在执行...
2023-12-19 09:50:17,864 [INFO] 线程 file server check 正在运行，等待 20 秒后继续执行.
2023-12-19 09:50:17,864 [INFO] 守护进程线程 system server check 正在执行...
2023-12-19 09:50:17,864 [INFO] 线程 system server check 正在运行，等待 10 秒后继续执行.
2023-12-19 09:50:25,453 [INFO] 用户中断程序，程序中断开始，请稍后...
2023-12-19 09:50:30,258 [INFO] 守护进程线程 system server check 正在执行...
2023-12-19 09:50:38,083 [INFO] 线程 system server check 正在运行，等待 10 秒后继续执行.
2023-12-19 09:53:59,646 [INFO] 守护进程线程 file server check 正在执行...
2023-12-19 09:53:59,647 [INFO] 线程 file server check 正在运行，等待 20 秒后继续执行.
2023-12-19 09:53:59,647 [INFO] 守护进程线程 system server check 正在执行...
2023-12-19 09:53:59,648 [INFO] 线程 system server check 正在运行，等待 10 秒后继续执行.
2023-12-19 09:54:05,378 [INFO] 用户中断程序，程序中断开始，请稍后...
2023-12-19 09:54:52,033 [INFO] 程序中断完成
2023-12-19 09:54:59,738 [INFO] 守护进程线程 file server check 正在执行...
2023-12-19 09:54:59,739 [INFO] 线程 file server check 正在运行，等待 20 秒后继续执行.
2023-12-19 09:54:59,740 [INFO] 守护进程线程 system server check 正在执行...
2023-12-19 09:54:59,740 [INFO] 线程 system server check 正在运行，等待 10 秒后继续执行.
2023-12-19 09:55:05,683 [INFO] 用户中断程序，程序中断开始，请稍后...
2023-12-19 09:55:28,410 [INFO] 程序中断完成
2023-12-19 09:55:49,386 [INFO] 守护进程线程 file server check 正在执行...
2023-12-19 09:55:49,387 [INFO] 线程 file server check 正在运行，等待 20 秒后继续执行.
2023-12-19 09:55:49,388 [INFO] 守护进程线程 system server check 正在执行...
2023-12-19 09:55:49,388 [INFO] 线程 system server check 正在运行，等待 10 秒后继续执行.
2023-12-19 09:55:53,838 [INFO] 用户中断程序，程序中断开始，请稍后...
2023-12-19 09:56:12,263 [INFO] 程序中断完成
2023-12-19 10:52:29,405 [INFO] 守护进程线程 file server check 正在执行...
2023-12-19 10:52:29,407 [INFO] 守护进程线程 system server check 正在执行...
2023-12-19 10:52:49,409 [ERROR] 发生了异常: 'dict' object has no attribute 'page_url'
2023-12-19 10:53:31,123 [INFO] 守护进程线程 file server check 正在执行...
2023-12-19 10:59:04,314 [INFO] 守护进程线程 file server check 正在执行...
2023-12-19 10:59:06,936 [INFO] 守护进程线程 system server check 正在执行...
2023-12-19 11:01:19,649 [INFO] 守护进程线程 file server check 正在执行...
2023-12-19 11:01:21,688 [INFO] 守护进程线程 system server check 正在执行...
2023-12-19 11:18:45,189 [INFO] 守护进程线程 file server check 正在执行...
2023-12-19 11:18:50,395 [INFO] 守护进程线程 system server check 正在执行...
2023-12-19 11:18:54,609 [ERROR] 发生了异常: 'dict' object has no attribute 'config_path'
2023-12-19 11:20:17,977 [INFO] 守护进程线程 file server check 正在执行...
2023-12-19 11:20:24,905 [INFO] 守护进程线程 system server check 正在执行...
2023-12-19 11:21:17,733 [INFO] 守护进程线程 file server check 正在执行...
2023-12-19 11:21:23,744 [INFO] 守护进程线程 system server check 正在执行...
2023-12-19 11:21:38,155 [INFO] 守护进程线程 file server check 正在执行...
2023-12-19 11:21:40,190 [INFO] 守护进程线程 system server check 正在执行...
2023-12-19 11:26:04,241 [INFO] 守护进程线程 file server check 正在执行...
2023-12-19 11:26:06,892 [INFO] 守护进程线程 system server check 正在执行...
2023-12-19 11:26:29,176 [ERROR] 发生了异常: 'dict' object has no attribute 'page_url'
2023-12-19 11:27:09,673 [INFO] 守护进程线程 file server check 正在执行...
2023-12-19 11:27:12,229 [INFO] 守护进程线程 system server check 未启动，跳过执行.
2023-12-19 11:28:34,180 [INFO] 守护进程线程 file server check 正在执行...
2023-12-19 11:28:36,177 [INFO] 守护进程线程 system server check 未启动，跳过执行.
2023-12-19 11:28:43,311 [INFO] 守护进程线程 system server check 未启动，跳过执行.
2023-12-19 11:29:10,208 [INFO] 守护进程线程 system server check 未启动，跳过执行.
2023-12-19 11:29:19,130 [INFO] 守护进程线程 system server check 未启动，跳过执行.
2023-12-19 11:29:52,361 [ERROR] 发生了请求异常: 403 Client Error: Forbidden for url: https://zhdj.xfc.gov.cn/file/api/v2/download?fileId=4f116853-c1db-4f21-aa72-7996331a7d2c.txt
2023-12-19 11:29:52,361 [INFO] 守护进程线程 system server check 未启动，跳过执行.
2023-12-19 11:29:59,799 [INFO] 守护进程线程 system server check 未启动，跳过执行.
2023-12-19 11:30:06,578 [INFO] 访问失败，失败次数: 1
2023-12-19 11:30:09,552 [INFO] 守护进程线程 system server check 未启动，跳过执行.
2023-12-19 11:30:14,559 [INFO] 守护进程线程 system server check 未启动，跳过执行.
2023-12-19 11:30:19,568 [INFO] 守护进程线程 system server check 未启动，跳过执行.
2023-12-19 11:30:24,570 [INFO] 守护进程线程 system server check 未启动，跳过执行.
2023-12-19 11:30:29,572 [INFO] 守护进程线程 system server check 未启动，跳过执行.
2023-12-19 11:30:34,580 [INFO] 守护进程线程 system server check 未启动，跳过执行.
2023-12-19 11:30:39,590 [INFO] 守护进程线程 system server check 未启动，跳过执行.
2023-12-19 11:30:44,603 [INFO] 守护进程线程 system server check 未启动，跳过执行.
2023-12-19 11:30:49,609 [INFO] 守护进程线程 system server check 未启动，跳过执行.
2023-12-19 11:30:54,626 [INFO] 守护进程线程 system server check 未启动，跳过执行.
2023-12-19 11:30:59,633 [INFO] 守护进程线程 system server check 未启动，跳过执行.
2023-12-19 11:31:04,638 [INFO] 守护进程线程 system server check 未启动，跳过执行.
2023-12-19 11:31:13,814 [INFO] 守护进程线程 system server check 未启动，跳过执行.
2023-12-19 11:31:22,424 [INFO] 守护进程线程 system server check 未启动，跳过执行.
2023-12-19 11:31:30,095 [INFO] 守护进程线程 system server check 未启动，跳过执行.
2023-12-19 11:31:30,095 [ERROR] 发生了请求异常: 403 Client Error: Forbidden for url: https://zhdj.xfc.gov.cn/file/api/v2/download?fileId=4f116853-c1db-4f21-aa72-7996331a7d2c.txt
2023-12-19 11:31:37,639 [INFO] 守护进程线程 system server check 未启动，跳过执行.
2023-12-19 11:31:41,885 [INFO] 访问失败，失败次数: 1
2023-12-19 11:31:42,676 [INFO] 守护进程线程 system server check 未启动，跳过执行.
2023-12-19 11:31:57,925 [INFO] 守护进程线程 system server check 未启动，跳过执行.
2023-12-19 11:32:02,941 [INFO] 守护进程线程 system server check 未启动，跳过执行.
2023-12-19 11:32:07,957 [INFO] 守护进程线程 system server check 未启动，跳过执行.
2023-12-19 11:32:12,963 [INFO] 守护进程线程 system server check 未启动，跳过执行.
2023-12-19 11:32:17,977 [INFO] 守护进程线程 system server check 未启动，跳过执行.
2023-12-19 11:32:22,991 [INFO] 守护进程线程 system server check 未启动，跳过执行.
2023-12-19 11:32:28,005 [INFO] 守护进程线程 system server check 未启动，跳过执行.
2023-12-19 11:32:40,561 [INFO] 守护进程线程 file server check 正在执行...
2023-12-19 11:32:40,562 [INFO] 守护进程线程 system server check 未启动，跳过执行.
2023-12-19 11:32:40,600 [ERROR] 发生了请求异常: 403 Client Error: Forbidden for url: https://zhdj.xfc.gov.cn/file/api/v2/download?fileId=4f116853-c1db-4f21-aa72-7996331a7d2c.txt
2023-12-19 11:32:40,600 [INFO] 访问失败，失败次数: 1
2023-12-19 11:32:45,575 [INFO] 守护进程线程 system server check 未启动，跳过执行.
2023-12-19 11:32:50,585 [INFO] 守护进程线程 system server check 未启动，跳过执行.
2023-12-19 11:32:50,631 [ERROR] 发生了请求异常: 403 Client Error: Forbidden for url: https://zhdj.xfc.gov.cn/file/api/v2/download?fileId=4f116853-c1db-4f21-aa72-7996331a7d2c.txt
2023-12-19 11:32:50,631 [INFO] 访问失败，失败次数: 1
2023-12-19 11:32:55,599 [INFO] 守护进程线程 system server check 未启动，跳过执行.
2023-12-19 11:33:00,612 [INFO] 守护进程线程 system server check 未启动，跳过执行.
2023-12-19 11:33:00,685 [ERROR] 发生了请求异常: 403 Client Error: Forbidden for url: https://zhdj.xfc.gov.cn/file/api/v2/download?fileId=4f116853-c1db-4f21-aa72-7996331a7d2c.txt
2023-12-19 11:33:00,685 [INFO] 访问失败，失败次数: 1
2023-12-19 11:33:05,624 [INFO] 守护进程线程 system server check 未启动，跳过执行.
2023-12-19 11:33:07,536 [INFO] 用户中断程序，程序中断开始，请稍后...
2023-12-19 11:33:10,718 [ERROR] 发生了请求异常: 403 Client Error: Forbidden for url: https://zhdj.xfc.gov.cn/file/api/v2/download?fileId=4f116853-c1db-4f21-aa72-7996331a7d2c.txt
2023-12-19 11:33:10,719 [INFO] 访问失败，失败次数: 1
2023-12-19 11:33:20,763 [ERROR] 发生了请求异常: 403 Client Error: Forbidden for url: https://zhdj.xfc.gov.cn/file/api/v2/download?fileId=4f116853-c1db-4f21-aa72-7996331a7d2c.txt
2023-12-19 11:33:20,764 [INFO] 访问失败，失败次数: 1
2023-12-19 11:33:30,813 [ERROR] 发生了请求异常: 403 Client Error: Forbidden for url: https://zhdj.xfc.gov.cn/file/api/v2/download?fileId=4f116853-c1db-4f21-aa72-7996331a7d2c.txt
2023-12-19 11:33:30,813 [INFO] 访问失败，失败次数: 1
2023-12-19 11:33:40,848 [ERROR] 发生了请求异常: 403 Client Error: Forbidden for url: https://zhdj.xfc.gov.cn/file/api/v2/download?fileId=4f116853-c1db-4f21-aa72-7996331a7d2c.txt
2023-12-19 11:33:40,849 [INFO] 访问失败，失败次数: 1
2023-12-19 11:33:50,895 [ERROR] 发生了请求异常: 403 Client Error: Forbidden for url: https://zhdj.xfc.gov.cn/file/api/v2/download?fileId=4f116853-c1db-4f21-aa72-7996331a7d2c.txt
2023-12-19 11:33:50,895 [INFO] 访问失败，失败次数: 1
2023-12-19 11:34:00,933 [ERROR] 发生了请求异常: 403 Client Error: Forbidden for url: https://zhdj.xfc.gov.cn/file/api/v2/download?fileId=4f116853-c1db-4f21-aa72-7996331a7d2c.txt
2023-12-19 11:34:00,933 [INFO] 访问失败，失败次数: 1
2023-12-19 11:34:10,973 [ERROR] 发生了请求异常: 403 Client Error: Forbidden for url: https://zhdj.xfc.gov.cn/file/api/v2/download?fileId=4f116853-c1db-4f21-aa72-7996331a7d2c.txt
2023-12-19 11:34:10,973 [INFO] 访问失败，失败次数: 1
2023-12-19 11:34:21,016 [ERROR] 发生了请求异常: 403 Client Error: Forbidden for url: https://zhdj.xfc.gov.cn/file/api/v2/download?fileId=4f116853-c1db-4f21-aa72-7996331a7d2c.txt
2023-12-19 11:34:21,017 [INFO] 访问失败，失败次数: 1
2023-12-19 11:34:31,060 [ERROR] 发生了请求异常: 403 Client Error: Forbidden for url: https://zhdj.xfc.gov.cn/file/api/v2/download?fileId=4f116853-c1db-4f21-aa72-7996331a7d2c.txt
2023-12-19 11:34:31,061 [INFO] 访问失败，失败次数: 1
2023-12-19 11:34:44,098 [INFO] 访问成功！
2023-12-19 11:35:04,130 [ERROR] 发生了请求异常: 403 Client Error: Forbidden for url: https://zhdj.xfc.gov.cn/file/api/v2/download?fileId=4f116853-c1db-4f21-aa72-7996331a7d2c.txt
2023-12-19 11:35:04,131 [INFO] 访问失败，失败次数: 1
2023-12-19 11:35:14,205 [ERROR] 发生了请求异常: 403 Client Error: Forbidden for url: https://zhdj.xfc.gov.cn/file/api/v2/download?fileId=4f116853-c1db-4f21-aa72-7996331a7d2c.txt
2023-12-19 11:35:14,205 [INFO] 访问失败，失败次数: 1
2023-12-19 11:35:24,837 [ERROR] 发生了请求异常: 403 Client Error: Forbidden for url: https://zhdj.xfc.gov.cn/file/api/v2/download?fileId=4f116853-c1db-4f21-aa72-7996331a7d2c.txt
2023-12-19 11:35:24,838 [INFO] 访问失败，失败次数: 1
2023-12-19 11:35:34,878 [ERROR] 发生了请求异常: 403 Client Error: Forbidden for url: https://zhdj.xfc.gov.cn/file/api/v2/download?fileId=4f116853-c1db-4f21-aa72-7996331a7d2c.txt
2023-12-19 11:35:34,879 [INFO] 访问失败，失败次数: 1
2023-12-19 11:35:44,923 [ERROR] 发生了请求异常: 403 Client Error: Forbidden for url: https://zhdj.xfc.gov.cn/file/api/v2/download?fileId=4f116853-c1db-4f21-aa72-7996331a7d2c.txt
2023-12-19 11:35:44,923 [INFO] 访问失败，失败次数: 1
