2023-12-18 15:47:47,772 [INFO] 守护进程线程 file server check 正在执行...
2023-12-18 15:47:47,773 [INFO] 守护进程线程 system server check 正在执行...
2023-12-18 15:47:47,773 [INFO] 线程 file server check 正在运行，等待 20 秒后继续执行.
2023-12-18 15:47:47,773 [INFO] 线程 system server check 正在运行，等待 5 秒后继续执行.
2023-12-18 15:47:47,775 [INFO] 配置文件被修改，重新加载配置...
2023-12-18 15:47:47,776 [INFO] 配置文件被修改，重新加载配置...
2023-12-18 15:47:47,778 [INFO] 配置文件被修改，重新加载配置...
2023-12-18 15:47:47,779 [INFO] 配置文件被修改，重新加载配置...
2023-12-18 15:47:47,780 [INFO] 配置文件被修改，重新加载配置...
2023-12-18 15:47:47,781 [INFO] 配置文件被修改，重新加载配置...
2023-12-18 15:47:47,782 [INFO] 配置文件被修改，重新加载配置...
2023-12-18 15:47:47,783 [INFO] 配置文件被修改，重新加载配置...
2023-12-18 15:47:47,783 [INFO] 配置文件被修改，重新加载配置...
2023-12-18 15:47:47,784 [INFO] 配置文件被修改，重新加载配置...
2023-12-18 15:47:47,785 [INFO] 配置文件被修改，重新加载配置...
2023-12-18 15:47:47,786 [INFO] 配置文件被修改，重新加载配置...
2023-12-18 15:47:47,787 [INFO] 配置文件被修改，重新加载配置...
2023-12-18 15:47:47,788 [INFO] 配置文件被修改，重新加载配置...
2023-12-18 15:47:47,789 [INFO] 配置文件被修改，重新加载配置...
2023-12-18 15:47:47,790 [INFO] 配置文件被修改，重新加载配置...
2023-12-18 15:47:47,791 [INFO] 配置文件被修改，重新加载配置...
2023-12-18 15:47:47,792 [INFO] 配置文件被修改，重新加载配置...
2023-12-18 15:47:47,793 [INFO] 配置文件被修改，重新加载配置...
2023-12-18 15:47:47,793 [INFO] 配置文件被修改，重新加载配置...
2023-12-18 15:47:47,794 [INFO] 配置文件被修改，重新加载配置...
2023-12-18 15:47:47,795 [INFO] 配置文件被修改，重新加载配置...
2023-12-18 15:47:47,796 [INFO] 配置文件被修改，重新加载配置...
2023-12-18 15:47:47,797 [INFO] 配置文件被修改，重新加载配置...
2023-12-18 15:47:47,798 [INFO] 配置文件被修改，重新加载配置...
2023-12-18 15:47:48,199 [INFO] 配置文件被修改，重新加载配置...
2023-12-18 15:47:48,200 [INFO] 配置文件被修改，重新加载配置...
2023-12-18 15:47:48,201 [INFO] 配置文件被修改，重新加载配置...
2023-12-18 15:47:48,203 [INFO] 配置文件被修改，重新加载配置...
2023-12-18 15:47:48,204 [INFO] 配置文件被修改，重新加载配置...
2023-12-18 15:47:48,206 [INFO] 配置文件被修改，重新加载配置...
2023-12-18 15:47:48,207 [INFO] 配置文件被修改，重新加载配置...
2023-12-18 15:47:48,208 [INFO] 配置文件被修改，重新加载配置...
2023-12-18 15:47:48,209 [INFO] 配置文件被修改，重新加载配置...
2023-12-18 15:47:48,209 [INFO] 配置文件被修改，重新加载配置...
2023-12-18 15:47:48,211 [INFO] 配置文件被修改，重新加载配置...
2023-12-18 15:47:48,212 [INFO] 配置文件被修改，重新加载配置...
2023-12-18 15:47:48,213 [INFO] 配置文件被修改，重新加载配置...
2023-12-18 15:47:48,213 [INFO] 配置文件被修改，重新加载配置...
2023-12-18 15:47:48,215 [INFO] 配置文件被修改，重新加载配置...
2023-12-18 15:47:48,216 [INFO] 配置文件被修改，重新加载配置...
2023-12-18 15:47:48,217 [INFO] 配置文件被修改，重新加载配置...
2023-12-18 15:47:48,218 [INFO] 配置文件被修改，重新加载配置...
2023-12-18 15:47:48,219 [INFO] 配置文件被修改，重新加载配置...
2023-12-18 15:47:48,219 [INFO] 配置文件被修改，重新加载配置...
2023-12-18 15:47:48,220 [INFO] 配置文件被修改，重新加载配置...
2023-12-18 15:47:48,221 [INFO] 配置文件被修改，重新加载配置...
2023-12-18 15:47:48,222 [INFO] 配置文件被修改，重新加载配置...
2023-12-18 15:47:48,223 [INFO] 配置文件被修改，重新加载配置...
2023-12-18 15:47:48,224 [INFO] 配置文件被修改，重新加载配置...
2023-12-18 15:47:48,225 [INFO] 配置文件被修改，重新加载配置...
2023-12-18 15:47:48,225 [INFO] 配置文件被修改，重新加载配置...
2023-12-18 15:47:48,226 [INFO] 配置文件被修改，重新加载配置...
2023-12-18 15:47:48,227 [INFO] 配置文件被修改，重新加载配置...
2023-12-18 15:47:48,228 [INFO] 配置文件被修改，重新加载配置...
2023-12-18 15:47:48,229 [INFO] 配置文件被修改，重新加载配置...
2023-12-18 15:47:48,230 [INFO] 配置文件被修改，重新加载配置...
2023-12-18 15:47:48,232 [INFO] 配置文件被修改，重新加载配置...
2023-12-18 15:47:48,232 [INFO] 配置文件被修改，重新加载配置...
2023-12-18 15:47:48,233 [INFO] 配置文件被修改，重新加载配置...
2023-12-18 15:47:48,234 [INFO] 配置文件被修改，重新加载配置...
2023-12-18 15:47:48,235 [INFO] 配置文件被修改，重新加载配置...
2023-12-18 15:47:48,236 [INFO] 配置文件被修改，重新加载配置...
2023-12-18 15:47:48,236 [INFO] 配置文件被修改，重新加载配置...
2023-12-18 15:47:48,237 [INFO] 配置文件被修改，重新加载配置...
2023-12-18 15:47:48,238 [INFO] 配置文件被修改，重新加载配置...
2023-12-18 15:47:48,239 [INFO] 配置文件被修改，重新加载配置...
2023-12-18 15:47:48,240 [INFO] 配置文件被修改，重新加载配置...
2023-12-18 15:47:48,241 [INFO] 配置文件被修改，重新加载配置...
2023-12-18 15:47:48,242 [INFO] 配置文件被修改，重新加载配置...
2023-12-18 15:47:48,243 [INFO] 配置文件被修改，重新加载配置...
2023-12-18 15:47:48,244 [INFO] 配置文件被修改，重新加载配置...
2023-12-18 15:47:48,245 [INFO] 配置文件被修改，重新加载配置...
2023-12-18 15:47:48,246 [INFO] 配置文件被修改，重新加载配置...
2023-12-18 15:47:48,652 [INFO] 配置文件被修改，重新加载配置...
2023-12-18 15:47:48,653 [INFO] 配置文件被修改，重新加载配置...
2023-12-18 15:47:48,869 [INFO] 配置文件被修改，重新加载配置...
2023-12-18 15:47:48,870 [INFO] 配置文件被修改，重新加载配置...
2023-12-18 15:47:49,087 [INFO] 用户中断程序
2023-12-18 15:47:49,271 [INFO] 配置文件被修改，重新加载配置...
2023-12-18 15:47:49,272 [INFO] 配置文件被修改，重新加载配置...
2023-12-18 15:47:49,273 [INFO] 配置文件被修改，重新加载配置...
2023-12-18 15:47:49,273 [INFO] 配置文件被修改，重新加载配置...
2023-12-18 15:47:49,275 [INFO] 配置文件被修改，重新加载配置...
2023-12-18 15:47:49,276 [INFO] 配置文件被修改，重新加载配置...
2023-12-18 15:47:49,278 [INFO] 配置文件被修改，重新加载配置...
2023-12-18 15:47:49,279 [INFO] 配置文件被修改，重新加载配置...
2023-12-18 15:47:49,281 [INFO] 配置文件被修改，重新加载配置...
2023-12-18 15:47:49,282 [INFO] 配置文件被修改，重新加载配置...
2023-12-18 15:47:49,283 [INFO] 配置文件被修改，重新加载配置...
2023-12-18 15:47:49,284 [INFO] 配置文件被修改，重新加载配置...
2023-12-18 15:47:49,284 [INFO] 配置文件被修改，重新加载配置...
2023-12-18 15:47:49,285 [INFO] 配置文件被修改，重新加载配置...
2023-12-18 15:47:49,286 [INFO] 配置文件被修改，重新加载配置...
2023-12-18 15:47:49,287 [INFO] 配置文件被修改，重新加载配置...
2023-12-18 15:47:49,288 [INFO] 配置文件被修改，重新加载配置...
2023-12-18 15:47:49,289 [INFO] 配置文件被修改，重新加载配置...
2023-12-18 15:47:49,290 [INFO] 配置文件被修改，重新加载配置...
2023-12-18 15:47:49,291 [INFO] 配置文件被修改，重新加载配置...
2023-12-18 15:47:49,292 [INFO] 配置文件被修改，重新加载配置...
2023-12-18 15:47:49,292 [INFO] 配置文件被修改，重新加载配置...
2023-12-18 15:47:49,293 [INFO] 配置文件被修改，重新加载配置...
2023-12-18 15:47:49,293 [INFO] 配置文件被修改，重新加载配置...
2023-12-18 15:47:49,294 [INFO] 配置文件被修改，重新加载配置...
2023-12-18 15:47:49,295 [INFO] 配置文件被修改，重新加载配置...
2023-12-18 15:47:49,296 [INFO] 配置文件被修改，重新加载配置...
2023-12-18 15:47:49,297 [INFO] 配置文件被修改，重新加载配置...
2023-12-18 15:47:49,298 [INFO] 配置文件被修改，重新加载配置...
2023-12-18 15:47:49,298 [INFO] 配置文件被修改，重新加载配置...
2023-12-18 15:47:49,299 [INFO] 配置文件被修改，重新加载配置...
2023-12-18 15:47:49,300 [INFO] 配置文件被修改，重新加载配置...
2023-12-18 15:47:49,301 [INFO] 配置文件被修改，重新加载配置...
2023-12-18 15:47:49,302 [INFO] 配置文件被修改，重新加载配置...
2023-12-18 15:47:49,303 [INFO] 配置文件被修改，重新加载配置...
2023-12-18 15:47:49,304 [INFO] 配置文件被修改，重新加载配置...
2023-12-18 15:47:49,305 [INFO] 配置文件被修改，重新加载配置...
2023-12-18 15:47:49,306 [INFO] 配置文件被修改，重新加载配置...
2023-12-18 15:47:49,307 [INFO] 配置文件被修改，重新加载配置...
2023-12-18 15:47:49,308 [INFO] 配置文件被修改，重新加载配置...
2023-12-18 15:47:49,310 [INFO] 配置文件被修改，重新加载配置...
2023-12-18 15:47:49,310 [INFO] 配置文件被修改，重新加载配置...
2023-12-18 15:47:49,311 [INFO] 配置文件被修改，重新加载配置...
2023-12-18 15:47:49,312 [INFO] 配置文件被修改，重新加载配置...
2023-12-18 15:47:49,313 [INFO] 配置文件被修改，重新加载配置...
2023-12-18 15:47:49,313 [INFO] 配置文件被修改，重新加载配置...
2023-12-18 15:47:49,314 [INFO] 配置文件被修改，重新加载配置...
2023-12-18 15:47:49,315 [INFO] 配置文件被修改，重新加载配置...
2023-12-18 15:47:49,316 [INFO] 配置文件被修改，重新加载配置...
2023-12-18 15:47:49,317 [INFO] 配置文件被修改，重新加载配置...
2023-12-18 15:47:49,317 [INFO] 配置文件被修改，重新加载配置...
2023-12-18 15:47:49,319 [INFO] 配置文件被修改，重新加载配置...
2023-12-18 15:47:49,319 [INFO] 配置文件被修改，重新加载配置...
2023-12-18 15:47:49,320 [INFO] 配置文件被修改，重新加载配置...
2023-12-18 15:47:49,321 [INFO] 配置文件被修改，重新加载配置...
2023-12-18 15:47:49,322 [INFO] 配置文件被修改，重新加载配置...
2023-12-18 15:47:49,323 [INFO] 配置文件被修改，重新加载配置...
2023-12-18 15:47:49,324 [INFO] 配置文件被修改，重新加载配置...
2023-12-18 15:47:49,325 [INFO] 配置文件被修改，重新加载配置...
2023-12-18 15:47:49,326 [INFO] 配置文件被修改，重新加载配置...
2023-12-18 15:47:49,326 [INFO] 配置文件被修改，重新加载配置...
2023-12-18 15:47:49,327 [INFO] 配置文件被修改，重新加载配置...
2023-12-18 15:47:49,328 [INFO] 配置文件被修改，重新加载配置...
2023-12-18 15:47:49,329 [INFO] 配置文件被修改，重新加载配置...
2023-12-18 15:47:49,330 [INFO] 配置文件被修改，重新加载配置...
2023-12-18 15:47:49,330 [INFO] 配置文件被修改，重新加载配置...
2023-12-18 15:47:49,331 [INFO] 配置文件被修改，重新加载配置...
2023-12-18 15:47:49,332 [INFO] 配置文件被修改，重新加载配置...
2023-12-18 15:47:49,333 [INFO] 配置文件被修改，重新加载配置...
2023-12-18 15:47:49,334 [INFO] 配置文件被修改，重新加载配置...
2023-12-18 15:47:49,335 [INFO] 配置文件被修改，重新加载配置...
2023-12-18 15:47:49,336 [INFO] 配置文件被修改，重新加载配置...
2023-12-18 15:47:49,337 [INFO] 配置文件被修改，重新加载配置...
2023-12-18 15:47:49,338 [INFO] 配置文件被修改，重新加载配置...
2023-12-18 15:47:49,339 [INFO] 配置文件被修改，重新加载配置...
2023-12-18 15:47:49,340 [INFO] 配置文件被修改，重新加载配置...
2023-12-18 15:47:49,341 [INFO] 配置文件被修改，重新加载配置...
2023-12-18 15:47:49,342 [INFO] 配置文件被修改，重新加载配置...
2023-12-18 15:47:49,343 [INFO] 配置文件被修改，重新加载配置...
2023-12-18 15:47:49,344 [INFO] 配置文件被修改，重新加载配置...
2023-12-18 15:47:49,345 [INFO] 配置文件被修改，重新加载配置...
2023-12-18 15:47:49,345 [INFO] 配置文件被修改，重新加载配置...
2023-12-18 15:47:49,346 [INFO] 配置文件被修改，重新加载配置...
2023-12-18 15:47:49,347 [INFO] 配置文件被修改，重新加载配置...
2023-12-18 15:47:49,348 [INFO] 配置文件被修改，重新加载配置...
2023-12-18 15:47:49,349 [INFO] 配置文件被修改，重新加载配置...
2023-12-18 15:47:49,350 [INFO] 配置文件被修改，重新加载配置...
2023-12-18 15:47:49,754 [INFO] 配置文件被修改，重新加载配置...
2023-12-18 15:47:49,755 [INFO] 配置文件被修改，重新加载配置...
2023-12-18 15:47:49,756 [INFO] 配置文件被修改，重新加载配置...
2023-12-18 15:47:49,757 [INFO] 配置文件被修改，重新加载配置...
2023-12-18 15:47:49,758 [INFO] 配置文件被修改，重新加载配置...
2023-12-18 15:47:49,760 [INFO] 配置文件被修改，重新加载配置...
2023-12-18 15:47:49,761 [INFO] 配置文件被修改，重新加载配置...
2023-12-18 15:47:49,762 [INFO] 配置文件被修改，重新加载配置...
2023-12-18 15:47:49,764 [INFO] 配置文件被修改，重新加载配置...
2023-12-18 15:47:49,765 [INFO] 配置文件被修改，重新加载配置...
2023-12-18 15:47:49,766 [INFO] 配置文件被修改，重新加载配置...
2023-12-18 15:47:49,768 [INFO] 配置文件被修改，重新加载配置...
2023-12-18 15:47:49,769 [INFO] 配置文件被修改，重新加载配置...
2023-12-18 15:47:49,771 [INFO] 配置文件被修改，重新加载配置...
2023-12-18 15:47:49,772 [INFO] 配置文件被修改，重新加载配置...
2023-12-18 15:47:49,773 [INFO] 配置文件被修改，重新加载配置...
2023-12-18 15:47:49,775 [INFO] 配置文件被修改，重新加载配置...
2023-12-18 15:47:49,776 [INFO] 配置文件被修改，重新加载配置...
2023-12-18 15:47:49,777 [INFO] 配置文件被修改，重新加载配置...
2023-12-18 15:47:49,779 [INFO] 配置文件被修改，重新加载配置...
2023-12-18 15:47:49,780 [INFO] 配置文件被修改，重新加载配置...
2023-12-18 15:47:49,781 [INFO] 配置文件被修改，重新加载配置...
2023-12-18 15:47:49,782 [INFO] 配置文件被修改，重新加载配置...
2023-12-18 15:47:49,783 [INFO] 配置文件被修改，重新加载配置...
2023-12-18 15:47:49,784 [INFO] 配置文件被修改，重新加载配置...
2023-12-18 15:47:49,786 [INFO] 配置文件被修改，重新加载配置...
2023-12-18 15:47:49,787 [INFO] 配置文件被修改，重新加载配置...
2023-12-18 15:47:49,788 [INFO] 配置文件被修改，重新加载配置...
2023-12-18 15:47:49,789 [INFO] 配置文件被修改，重新加载配置...
2023-12-18 15:47:49,790 [INFO] 配置文件被修改，重新加载配置...
2023-12-18 15:47:49,791 [INFO] 配置文件被修改，重新加载配置...
2023-12-18 15:47:49,792 [INFO] 配置文件被修改，重新加载配置...
2023-12-18 15:47:49,793 [INFO] 配置文件被修改，重新加载配置...
2023-12-18 15:47:49,793 [INFO] 配置文件被修改，重新加载配置...
2023-12-18 15:47:49,794 [INFO] 配置文件被修改，重新加载配置...
2023-12-18 15:47:49,795 [INFO] 配置文件被修改，重新加载配置...
2023-12-18 15:47:49,796 [INFO] 配置文件被修改，重新加载配置...
2023-12-18 15:47:49,797 [INFO] 配置文件被修改，重新加载配置...
2023-12-18 15:47:49,798 [INFO] 配置文件被修改，重新加载配置...
2023-12-18 15:47:49,798 [INFO] 配置文件被修改，重新加载配置...
2023-12-18 15:47:49,799 [INFO] 配置文件被修改，重新加载配置...
2023-12-18 15:47:49,800 [INFO] 配置文件被修改，重新加载配置...
2023-12-18 15:47:49,801 [INFO] 配置文件被修改，重新加载配置...
2023-12-18 15:47:50,209 [INFO] 配置文件被修改，重新加载配置...
2023-12-18 15:47:50,209 [INFO] 配置文件被修改，重新加载配置...
2023-12-18 15:47:50,211 [INFO] 配置文件被修改，重新加载配置...
2023-12-18 15:47:50,212 [INFO] 配置文件被修改，重新加载配置...
2023-12-18 15:47:50,213 [INFO] 配置文件被修改，重新加载配置...
2023-12-18 15:47:50,214 [INFO] 配置文件被修改，重新加载配置...
2023-12-18 15:47:50,216 [INFO] 配置文件被修改，重新加载配置...
2023-12-18 15:47:50,217 [INFO] 配置文件被修改，重新加载配置...
2023-12-18 15:47:50,217 [INFO] 配置文件被修改，重新加载配置...
2023-12-18 15:47:50,218 [INFO] 配置文件被修改，重新加载配置...
2023-12-18 15:47:50,219 [INFO] 配置文件被修改，重新加载配置...
2023-12-18 15:47:50,220 [INFO] 配置文件被修改，重新加载配置...
2023-12-18 15:47:50,220 [INFO] 配置文件被修改，重新加载配置...
2023-12-18 15:47:50,221 [INFO] 配置文件被修改，重新加载配置...
2023-12-18 15:47:50,222 [INFO] 配置文件被修改，重新加载配置...
2023-12-18 15:47:50,223 [INFO] 配置文件被修改，重新加载配置...
2023-12-18 15:47:50,224 [INFO] 配置文件被修改，重新加载配置...
2023-12-18 15:47:50,226 [INFO] 配置文件被修改，重新加载配置...
2023-12-18 15:47:50,226 [INFO] 配置文件被修改，重新加载配置...
2023-12-18 15:47:50,227 [INFO] 配置文件被修改，重新加载配置...
2023-12-18 15:47:50,228 [INFO] 配置文件被修改，重新加载配置...
2023-12-18 15:47:50,228 [INFO] 配置文件被修改，重新加载配置...
2023-12-18 15:47:50,229 [INFO] 配置文件被修改，重新加载配置...
2023-12-18 15:47:50,230 [INFO] 配置文件被修改，重新加载配置...
2023-12-18 15:47:50,231 [INFO] 配置文件被修改，重新加载配置...
2023-12-18 15:47:50,231 [INFO] 配置文件被修改，重新加载配置...
2023-12-18 15:47:50,232 [INFO] 配置文件被修改，重新加载配置...
2023-12-18 15:47:50,233 [INFO] 配置文件被修改，重新加载配置...
2023-12-18 15:47:50,234 [INFO] 配置文件被修改，重新加载配置...
2023-12-18 15:47:50,234 [INFO] 配置文件被修改，重新加载配置...
2023-12-18 15:47:50,235 [INFO] 配置文件被修改，重新加载配置...
2023-12-18 15:47:50,236 [INFO] 配置文件被修改，重新加载配置...
2023-12-18 15:47:50,237 [INFO] 配置文件被修改，重新加载配置...
2023-12-18 15:47:50,238 [INFO] 配置文件被修改，重新加载配置...
2023-12-18 15:47:50,238 [INFO] 配置文件被修改，重新加载配置...
2023-12-18 15:47:50,239 [INFO] 配置文件被修改，重新加载配置...
2023-12-18 15:47:50,241 [INFO] 配置文件被修改，重新加载配置...
2023-12-18 15:47:50,242 [INFO] 配置文件被修改，重新加载配置...
2023-12-18 15:47:50,243 [INFO] 配置文件被修改，重新加载配置...
2023-12-18 15:47:50,243 [INFO] 配置文件被修改，重新加载配置...
2023-12-18 15:47:50,244 [INFO] 配置文件被修改，重新加载配置...
2023-12-18 15:47:50,245 [INFO] 配置文件被修改，重新加载配置...
2023-12-18 15:47:50,245 [INFO] 配置文件被修改，重新加载配置...
2023-12-18 15:47:50,246 [INFO] 配置文件被修改，重新加载配置...
2023-12-18 15:47:50,247 [INFO] 配置文件被修改，重新加载配置...
2023-12-18 15:47:50,248 [INFO] 配置文件被修改，重新加载配置...
2023-12-18 15:47:50,249 [INFO] 配置文件被修改，重新加载配置...
2023-12-18 15:47:50,249 [INFO] 配置文件被修改，重新加载配置...
2023-12-18 15:47:50,250 [INFO] 配置文件被修改，重新加载配置...
2023-12-18 15:47:50,251 [INFO] 配置文件被修改，重新加载配置...
2023-12-18 15:47:50,252 [INFO] 配置文件被修改，重新加载配置...
2023-12-18 15:47:50,252 [INFO] 配置文件被修改，重新加载配置...
2023-12-18 15:47:50,253 [INFO] 配置文件被修改，重新加载配置...
2023-12-18 15:47:50,254 [INFO] 配置文件被修改，重新加载配置...
2023-12-18 15:47:50,255 [INFO] 配置文件被修改，重新加载配置...
2023-12-18 15:47:50,255 [INFO] 配置文件被修改，重新加载配置...
2023-12-18 15:47:50,257 [INFO] 配置文件被修改，重新加载配置...
2023-12-18 15:47:50,258 [INFO] 配置文件被修改，重新加载配置...
2023-12-18 15:47:50,259 [INFO] 配置文件被修改，重新加载配置...
2023-12-18 15:47:50,260 [INFO] 配置文件被修改，重新加载配置...
2023-12-18 15:47:50,261 [INFO] 配置文件被修改，重新加载配置...
2023-12-18 15:47:50,261 [INFO] 配置文件被修改，重新加载配置...
2023-12-18 15:47:50,262 [INFO] 配置文件被修改，重新加载配置...
2023-12-18 15:47:50,263 [INFO] 配置文件被修改，重新加载配置...
2023-12-18 15:47:50,264 [INFO] 配置文件被修改，重新加载配置...
2023-12-18 15:47:50,264 [INFO] 配置文件被修改，重新加载配置...
2023-12-18 15:47:50,265 [INFO] 配置文件被修改，重新加载配置...
2023-12-18 15:47:50,266 [INFO] 配置文件被修改，重新加载配置...
2023-12-18 15:47:50,267 [INFO] 配置文件被修改，重新加载配置...
2023-12-18 15:47:50,267 [INFO] 配置文件被修改，重新加载配置...
2023-12-18 15:47:50,268 [INFO] 配置文件被修改，重新加载配置...
2023-12-18 15:47:50,269 [INFO] 配置文件被修改，重新加载配置...
2023-12-18 15:47:50,270 [INFO] 配置文件被修改，重新加载配置...
2023-12-18 15:47:50,271 [INFO] 配置文件被修改，重新加载配置...
2023-12-18 15:47:50,271 [INFO] 配置文件被修改，重新加载配置...
2023-12-18 15:47:50,273 [INFO] 配置文件被修改，重新加载配置...
2023-12-18 15:47:50,274 [INFO] 配置文件被修改，重新加载配置...
2023-12-18 15:47:50,275 [INFO] 配置文件被修改，重新加载配置...
2023-12-18 15:47:50,275 [INFO] 配置文件被修改，重新加载配置...
2023-12-18 15:47:50,276 [INFO] 配置文件被修改，重新加载配置...
2023-12-18 15:47:50,277 [INFO] 配置文件被修改，重新加载配置...
2023-12-18 15:47:50,278 [INFO] 配置文件被修改，重新加载配置...
2023-12-18 15:47:50,279 [INFO] 配置文件被修改，重新加载配置...
2023-12-18 15:47:50,279 [INFO] 配置文件被修改，重新加载配置...
2023-12-18 15:47:50,280 [INFO] 配置文件被修改，重新加载配置...
2023-12-18 15:47:50,281 [INFO] 配置文件被修改，重新加载配置...
2023-12-18 15:47:50,282 [INFO] 配置文件被修改，重新加载配置...
2023-12-18 15:47:50,282 [INFO] 配置文件被修改，重新加载配置...
2023-12-18 15:47:50,283 [INFO] 配置文件被修改，重新加载配置...
2023-12-18 15:47:50,284 [INFO] 配置文件被修改，重新加载配置...
2023-12-18 15:47:50,285 [INFO] 配置文件被修改，重新加载配置...
2023-12-18 15:47:50,286 [INFO] 配置文件被修改，重新加载配置...
2023-12-18 15:47:50,286 [INFO] 配置文件被修改，重新加载配置...
2023-12-18 15:47:50,287 [INFO] 配置文件被修改，重新加载配置...
2023-12-18 15:47:50,288 [INFO] 配置文件被修改，重新加载配置...
2023-12-18 15:47:50,290 [INFO] 配置文件被修改，重新加载配置...
2023-12-18 15:47:50,291 [INFO] 配置文件被修改，重新加载配置...
2023-12-18 15:47:50,292 [INFO] 配置文件被修改，重新加载配置...
2023-12-18 15:47:50,293 [INFO] 配置文件被修改，重新加载配置...
2023-12-18 15:47:50,293 [INFO] 配置文件被修改，重新加载配置...
2023-12-18 15:47:50,294 [INFO] 配置文件被修改，重新加载配置...
2023-12-18 15:47:50,295 [INFO] 配置文件被修改，重新加载配置...
2023-12-18 15:47:50,296 [INFO] 配置文件被修改，重新加载配置...
2023-12-18 15:47:50,297 [INFO] 配置文件被修改，重新加载配置...
2023-12-18 15:47:50,297 [INFO] 配置文件被修改，重新加载配置...
2023-12-18 15:47:50,298 [INFO] 配置文件被修改，重新加载配置...
2023-12-18 15:47:50,299 [INFO] 配置文件被修改，重新加载配置...
2023-12-18 15:47:50,300 [INFO] 配置文件被修改，重新加载配置...
2023-12-18 15:47:50,300 [INFO] 配置文件被修改，重新加载配置...
2023-12-18 15:47:50,301 [INFO] 配置文件被修改，重新加载配置...
2023-12-18 15:47:50,302 [INFO] 配置文件被修改，重新加载配置...
2023-12-18 15:47:50,303 [INFO] 配置文件被修改，重新加载配置...
2023-12-18 15:47:50,304 [INFO] 配置文件被修改，重新加载配置...
2023-12-18 15:47:50,712 [INFO] 配置文件被修改，重新加载配置...
2023-12-18 15:47:50,712 [INFO] 配置文件被修改，重新加载配置...
2023-12-18 15:47:50,713 [INFO] 配置文件被修改，重新加载配置...
2023-12-18 15:47:50,714 [INFO] 配置文件被修改，重新加载配置...
2023-12-18 15:47:50,715 [INFO] 配置文件被修改，重新加载配置...
2023-12-18 15:47:50,716 [INFO] 配置文件被修改，重新加载配置...
2023-12-18 15:47:50,717 [INFO] 配置文件被修改，重新加载配置...
2023-12-18 15:47:50,718 [INFO] 配置文件被修改，重新加载配置...
2023-12-18 15:47:50,720 [INFO] 配置文件被修改，重新加载配置...
2023-12-18 15:47:50,721 [INFO] 配置文件被修改，重新加载配置...
2023-12-18 15:47:50,722 [INFO] 配置文件被修改，重新加载配置...
2023-12-18 15:47:50,723 [INFO] 配置文件被修改，重新加载配置...
2023-12-18 15:47:50,725 [INFO] 配置文件被修改，重新加载配置...
2023-12-18 15:47:50,726 [INFO] 配置文件被修改，重新加载配置...
2023-12-18 15:47:50,728 [INFO] 配置文件被修改，重新加载配置...
2023-12-18 15:47:50,729 [INFO] 配置文件被修改，重新加载配置...
2023-12-18 15:47:50,730 [INFO] 配置文件被修改，重新加载配置...
2023-12-18 15:47:50,731 [INFO] 配置文件被修改，重新加载配置...
2023-12-18 15:47:50,733 [INFO] 配置文件被修改，重新加载配置...
2023-12-18 15:47:50,734 [INFO] 配置文件被修改，重新加载配置...
2023-12-18 15:47:50,735 [INFO] 配置文件被修改，重新加载配置...
2023-12-18 15:47:50,736 [INFO] 配置文件被修改，重新加载配置...
2023-12-18 15:47:50,737 [INFO] 配置文件被修改，重新加载配置...
2023-12-18 15:47:50,739 [INFO] 配置文件被修改，重新加载配置...
2023-12-18 15:47:50,740 [INFO] 配置文件被修改，重新加载配置...
2023-12-18 15:47:50,741 [INFO] 配置文件被修改，重新加载配置...
2023-12-18 15:47:50,743 [INFO] 配置文件被修改，重新加载配置...
2023-12-18 15:47:50,744 [INFO] 配置文件被修改，重新加载配置...
2023-12-18 15:47:50,745 [INFO] 配置文件被修改，重新加载配置...
2023-12-18 15:47:50,747 [INFO] 配置文件被修改，重新加载配置...
2023-12-18 15:47:50,748 [INFO] 配置文件被修改，重新加载配置...
2023-12-18 15:47:50,748 [INFO] 配置文件被修改，重新加载配置...
2023-12-18 15:47:50,749 [INFO] 配置文件被修改，重新加载配置...
2023-12-18 15:47:50,750 [INFO] 配置文件被修改，重新加载配置...
2023-12-18 15:47:50,751 [INFO] 配置文件被修改，重新加载配置...
2023-12-18 15:47:50,752 [INFO] 配置文件被修改，重新加载配置...
2023-12-18 15:47:50,753 [INFO] 配置文件被修改，重新加载配置...
2023-12-18 15:47:50,754 [INFO] 配置文件被修改，重新加载配置...
2023-12-18 15:47:50,754 [INFO] 配置文件被修改，重新加载配置...
2023-12-18 15:47:50,755 [INFO] 配置文件被修改，重新加载配置...
2023-12-18 15:47:50,756 [INFO] 配置文件被修改，重新加载配置...
2023-12-18 15:47:50,758 [INFO] 配置文件被修改，重新加载配置...
2023-12-18 15:47:51,166 [INFO] 配置文件被修改，重新加载配置...
2023-12-18 15:47:51,167 [INFO] 配置文件被修改，重新加载配置...
2023-12-18 15:47:51,570 [INFO] 配置文件被修改，重新加载配置...
2023-12-18 15:47:51,570 [INFO] 配置文件被修改，重新加载配置...
2023-12-18 15:47:51,572 [INFO] 配置文件被修改，重新加载配置...
2023-12-18 15:47:51,574 [INFO] 配置文件被修改，重新加载配置...
2023-12-18 15:47:51,574 [INFO] 配置文件被修改，重新加载配置...
2023-12-18 15:47:51,576 [INFO] 配置文件被修改，重新加载配置...
2023-12-18 15:47:51,576 [INFO] 配置文件被修改，重新加载配置...
2023-12-18 15:47:51,577 [INFO] 配置文件被修改，重新加载配置...
2023-12-18 15:47:51,579 [INFO] 配置文件被修改，重新加载配置...
2023-12-18 15:47:51,579 [INFO] 配置文件被修改，重新加载配置...
2023-12-18 15:47:51,580 [INFO] 配置文件被修改，重新加载配置...
2023-12-18 15:47:51,581 [INFO] 配置文件被修改，重新加载配置...
2023-12-18 15:47:51,582 [INFO] 配置文件被修改，重新加载配置...
2023-12-18 15:47:51,583 [INFO] 配置文件被修改，重新加载配置...
2023-12-18 15:47:51,583 [INFO] 配置文件被修改，重新加载配置...
2023-12-18 15:47:51,584 [INFO] 配置文件被修改，重新加载配置...
2023-12-18 15:47:51,585 [INFO] 配置文件被修改，重新加载配置...
2023-12-18 15:47:51,587 [INFO] 配置文件被修改，重新加载配置...
2023-12-18 15:47:51,587 [INFO] 配置文件被修改，重新加载配置...
2023-12-18 15:47:51,588 [INFO] 配置文件被修改，重新加载配置...
2023-12-18 15:47:51,589 [INFO] 配置文件被修改，重新加载配置...
2023-12-18 15:47:51,590 [INFO] 配置文件被修改，重新加载配置...
2023-12-18 15:47:51,591 [INFO] 配置文件被修改，重新加载配置...
2023-12-18 15:47:51,593 [INFO] 配置文件被修改，重新加载配置...
2023-12-18 15:47:51,593 [INFO] 配置文件被修改，重新加载配置...
2023-12-18 15:47:51,594 [INFO] 配置文件被修改，重新加载配置...
2023-12-18 15:47:51,594 [INFO] 配置文件被修改，重新加载配置...
2023-12-18 15:47:51,595 [INFO] 配置文件被修改，重新加载配置...
2023-12-18 15:47:51,596 [INFO] 配置文件被修改，重新加载配置...
2023-12-18 15:47:51,597 [INFO] 配置文件被修改，重新加载配置...
2023-12-18 15:47:51,598 [INFO] 配置文件被修改，重新加载配置...
2023-12-18 15:47:51,598 [INFO] 配置文件被修改，重新加载配置...
2023-12-18 15:47:51,599 [INFO] 配置文件被修改，重新加载配置...
2023-12-18 15:47:51,600 [INFO] 配置文件被修改，重新加载配置...
2023-12-18 15:47:52,005 [INFO] 配置文件被修改，重新加载配置...
2023-12-18 15:47:52,005 [INFO] 配置文件被修改，重新加载配置...
2023-12-18 15:47:52,006 [INFO] 配置文件被修改，重新加载配置...
2023-12-18 15:47:52,007 [INFO] 配置文件被修改，重新加载配置...
2023-12-18 15:47:52,009 [INFO] 配置文件被修改，重新加载配置...
2023-12-18 15:47:52,009 [INFO] 配置文件被修改，重新加载配置...
2023-12-18 15:47:52,010 [INFO] 配置文件被修改，重新加载配置...
2023-12-18 15:47:52,011 [INFO] 配置文件被修改，重新加载配置...
2023-12-18 15:47:52,012 [INFO] 配置文件被修改，重新加载配置...
2023-12-18 15:47:52,013 [INFO] 配置文件被修改，重新加载配置...
2023-12-18 15:47:52,014 [INFO] 配置文件被修改，重新加载配置...
2023-12-18 15:47:52,015 [INFO] 配置文件被修改，重新加载配置...
2023-12-18 15:47:52,015 [INFO] 配置文件被修改，重新加载配置...
2023-12-18 15:47:52,016 [INFO] 配置文件被修改，重新加载配置...
2023-12-18 15:47:52,017 [INFO] 配置文件被修改，重新加载配置...
2023-12-18 15:47:52,018 [INFO] 配置文件被修改，重新加载配置...
2023-12-18 15:47:52,018 [INFO] 配置文件被修改，重新加载配置...
2023-12-18 15:51:00,832 [INFO] 守护进程线程 file server check 正在执行...
2023-12-18 15:51:00,833 [INFO] 线程 file server check 正在运行，等待 20 秒后继续执行.
2023-12-18 15:51:00,833 [INFO] 守护进程线程 system server check 正在执行...
2023-12-18 15:51:00,833 [INFO] 线程 system server check 正在运行，等待 10 秒后继续执行.
2023-12-18 15:51:10,121 [INFO] 用户中断程序
