2023-12-18 15:47:17,681 [INFO] 守护进程线程 file server check 正在执行...
2023-12-18 15:47:17,681 [INFO] 线程 file server check 正在运行，等待 20 秒后继续执行.
2023-12-18 15:47:17,682 [INFO] 配置文件被修改，重新加载配置...
2023-12-18 15:47:17,682 [INFO] 守护进程线程 system server check 正在执行...
2023-12-18 15:47:17,682 [INFO] 线程 system server check 正在运行，等待 5 秒后继续执行.
2023-12-18 15:47:17,683 [INFO] 配置文件被修改，重新加载配置...
2023-12-18 15:47:17,683 [INFO] 配置文件被修改，重新加载配置...
2023-12-18 15:47:17,684 [INFO] 配置文件被修改，重新加载配置...
2023-12-18 15:47:17,685 [INFO] 配置文件被修改，重新加载配置...
2023-12-18 15:47:17,686 [INFO] 配置文件被修改，重新加载配置...
2023-12-18 15:47:17,686 [INFO] 配置文件被修改，重新加载配置...
2023-12-18 15:47:17,687 [INFO] 配置文件被修改，重新加载配置...
2023-12-18 15:47:17,688 [INFO] 配置文件被修改，重新加载配置...
2023-12-18 15:47:17,689 [INFO] 配置文件被修改，重新加载配置...
2023-12-18 15:47:17,690 [INFO] 配置文件被修改，重新加载配置...
2023-12-18 15:47:17,690 [INFO] 配置文件被修改，重新加载配置...
2023-12-18 15:47:17,691 [INFO] 配置文件被修改，重新加载配置...
2023-12-18 15:47:17,692 [INFO] 配置文件被修改，重新加载配置...
2023-12-18 15:47:17,693 [INFO] 配置文件被修改，重新加载配置...
2023-12-18 15:47:17,694 [INFO] 配置文件被修改，重新加载配置...
2023-12-18 15:47:17,695 [INFO] 配置文件被修改，重新加载配置...
2023-12-18 15:47:17,700 [INFO] 配置文件被修改，重新加载配置...
2023-12-18 15:47:17,701 [INFO] 配置文件被修改，重新加载配置...
2023-12-18 15:47:17,701 [INFO] 配置文件被修改，重新加载配置...
2023-12-18 15:47:17,702 [INFO] 配置文件被修改，重新加载配置...
2023-12-18 15:47:17,703 [INFO] 配置文件被修改，重新加载配置...
2023-12-18 15:47:17,704 [INFO] 配置文件被修改，重新加载配置...
2023-12-18 15:47:17,705 [INFO] 配置文件被修改，重新加载配置...
2023-12-18 15:47:17,706 [INFO] 配置文件被修改，重新加载配置...
2023-12-18 15:47:17,707 [INFO] 配置文件被修改，重新加载配置...
2023-12-18 15:47:17,708 [INFO] 配置文件被修改，重新加载配置...
2023-12-18 15:47:17,709 [INFO] 配置文件被修改，重新加载配置...
2023-12-18 15:47:17,710 [INFO] 配置文件被修改，重新加载配置...
2023-12-18 15:47:17,712 [INFO] 配置文件被修改，重新加载配置...
2023-12-18 15:47:17,714 [INFO] 配置文件被修改，重新加载配置...
2023-12-18 15:47:17,714 [INFO] 配置文件被修改，重新加载配置...
2023-12-18 15:47:17,715 [INFO] 配置文件被修改，重新加载配置...
2023-12-18 15:47:17,716 [INFO] 配置文件被修改，重新加载配置...
2023-12-18 15:47:17,717 [INFO] 配置文件被修改，重新加载配置...
2023-12-18 15:47:17,718 [INFO] 配置文件被修改，重新加载配置...
2023-12-18 15:47:17,719 [INFO] 配置文件被修改，重新加载配置...
2023-12-18 15:47:17,719 [INFO] 配置文件被修改，重新加载配置...
2023-12-18 15:47:17,720 [INFO] 配置文件被修改，重新加载配置...
2023-12-18 15:47:17,721 [INFO] 配置文件被修改，重新加载配置...
2023-12-18 15:47:17,722 [INFO] 配置文件被修改，重新加载配置...
2023-12-18 15:47:17,723 [INFO] 配置文件被修改，重新加载配置...
2023-12-18 15:47:17,724 [INFO] 配置文件被修改，重新加载配置...
2023-12-18 15:47:17,725 [INFO] 配置文件被修改，重新加载配置...
2023-12-18 15:47:17,726 [INFO] 配置文件被修改，重新加载配置...
2023-12-18 15:47:17,726 [INFO] 配置文件被修改，重新加载配置...
2023-12-18 15:47:17,727 [INFO] 配置文件被修改，重新加载配置...
2023-12-18 15:47:17,729 [INFO] 配置文件被修改，重新加载配置...
2023-12-18 15:47:17,730 [INFO] 配置文件被修改，重新加载配置...
2023-12-18 15:47:17,731 [INFO] 配置文件被修改，重新加载配置...
2023-12-18 15:47:17,732 [INFO] 配置文件被修改，重新加载配置...
2023-12-18 15:47:17,732 [INFO] 配置文件被修改，重新加载配置...
2023-12-18 15:47:17,733 [INFO] 配置文件被修改，重新加载配置...
2023-12-18 15:47:17,734 [INFO] 配置文件被修改，重新加载配置...
2023-12-18 15:47:17,735 [INFO] 配置文件被修改，重新加载配置...
2023-12-18 15:47:17,736 [INFO] 配置文件被修改，重新加载配置...
2023-12-18 15:47:17,736 [INFO] 配置文件被修改，重新加载配置...
2023-12-18 15:47:17,737 [INFO] 配置文件被修改，重新加载配置...
2023-12-18 15:47:17,738 [INFO] 配置文件被修改，重新加载配置...
2023-12-18 15:47:17,739 [INFO] 配置文件被修改，重新加载配置...
2023-12-18 15:47:17,740 [INFO] 配置文件被修改，重新加载配置...
2023-12-18 15:47:17,741 [INFO] 配置文件被修改，重新加载配置...
2023-12-18 15:47:17,742 [INFO] 配置文件被修改，重新加载配置...
2023-12-18 15:47:17,743 [INFO] 配置文件被修改，重新加载配置...
2023-12-18 15:47:17,744 [INFO] 配置文件被修改，重新加载配置...
2023-12-18 15:47:17,745 [INFO] 配置文件被修改，重新加载配置...
2023-12-18 15:47:17,745 [INFO] 配置文件被修改，重新加载配置...
2023-12-18 15:47:17,746 [INFO] 配置文件被修改，重新加载配置...
2023-12-18 15:47:17,747 [INFO] 配置文件被修改，重新加载配置...
2023-12-18 15:47:17,748 [INFO] 配置文件被修改，重新加载配置...
2023-12-18 15:47:17,749 [INFO] 配置文件被修改，重新加载配置...
2023-12-18 15:47:17,749 [INFO] 配置文件被修改，重新加载配置...
2023-12-18 15:47:17,750 [INFO] 配置文件被修改，重新加载配置...
2023-12-18 15:47:17,751 [INFO] 配置文件被修改，重新加载配置...
2023-12-18 15:47:17,752 [INFO] 配置文件被修改，重新加载配置...
2023-12-18 15:47:17,753 [INFO] 配置文件被修改，重新加载配置...
2023-12-18 15:47:17,753 [INFO] 配置文件被修改，重新加载配置...
2023-12-18 15:47:17,754 [INFO] 配置文件被修改，重新加载配置...
2023-12-18 15:47:17,755 [INFO] 配置文件被修改，重新加载配置...
2023-12-18 15:47:17,756 [INFO] 配置文件被修改，重新加载配置...
2023-12-18 15:47:17,757 [INFO] 配置文件被修改，重新加载配置...
2023-12-18 15:47:17,758 [INFO] 配置文件被修改，重新加载配置...
2023-12-18 15:47:18,163 [INFO] 配置文件被修改，重新加载配置...
2023-12-18 15:47:18,163 [INFO] 配置文件被修改，重新加载配置...
2023-12-18 15:47:18,165 [INFO] 配置文件被修改，重新加载配置...
2023-12-18 15:47:18,166 [INFO] 配置文件被修改，重新加载配置...
2023-12-18 15:47:18,167 [INFO] 配置文件被修改，重新加载配置...
2023-12-18 15:47:18,168 [INFO] 配置文件被修改，重新加载配置...
2023-12-18 15:47:18,169 [INFO] 配置文件被修改，重新加载配置...
2023-12-18 15:47:18,170 [INFO] 配置文件被修改，重新加载配置...
2023-12-18 15:47:18,171 [INFO] 配置文件被修改，重新加载配置...
2023-12-18 15:47:18,172 [INFO] 配置文件被修改，重新加载配置...
2023-12-18 15:47:18,173 [INFO] 配置文件被修改，重新加载配置...
2023-12-18 15:47:18,174 [INFO] 配置文件被修改，重新加载配置...
2023-12-18 15:47:18,175 [INFO] 配置文件被修改，重新加载配置...
2023-12-18 15:47:18,176 [INFO] 配置文件被修改，重新加载配置...
2023-12-18 15:47:18,177 [INFO] 配置文件被修改，重新加载配置...
2023-12-18 15:47:18,178 [INFO] 配置文件被修改，重新加载配置...
2023-12-18 15:47:18,178 [INFO] 配置文件被修改，重新加载配置...
2023-12-18 15:47:18,179 [INFO] 配置文件被修改，重新加载配置...
2023-12-18 15:47:18,180 [INFO] 配置文件被修改，重新加载配置...
2023-12-18 15:47:18,181 [INFO] 配置文件被修改，重新加载配置...
2023-12-18 15:47:18,182 [INFO] 配置文件被修改，重新加载配置...
2023-12-18 15:47:18,182 [INFO] 配置文件被修改，重新加载配置...
2023-12-18 15:47:18,183 [INFO] 配置文件被修改，重新加载配置...
2023-12-18 15:47:18,184 [INFO] 配置文件被修改，重新加载配置...
2023-12-18 15:47:18,185 [INFO] 配置文件被修改，重新加载配置...
2023-12-18 15:47:18,185 [INFO] 配置文件被修改，重新加载配置...
2023-12-18 15:47:18,186 [INFO] 配置文件被修改，重新加载配置...
2023-12-18 15:47:18,187 [INFO] 配置文件被修改，重新加载配置...
2023-12-18 15:47:18,188 [INFO] 配置文件被修改，重新加载配置...
2023-12-18 15:47:18,188 [INFO] 配置文件被修改，重新加载配置...
2023-12-18 15:47:18,190 [INFO] 配置文件被修改，重新加载配置...
2023-12-18 15:47:18,191 [INFO] 配置文件被修改，重新加载配置...
2023-12-18 15:47:18,191 [INFO] 配置文件被修改，重新加载配置...
2023-12-18 15:47:18,193 [INFO] 配置文件被修改，重新加载配置...
2023-12-18 15:47:18,194 [INFO] 配置文件被修改，重新加载配置...
2023-12-18 15:47:18,195 [INFO] 配置文件被修改，重新加载配置...
2023-12-18 15:47:18,196 [INFO] 配置文件被修改，重新加载配置...
2023-12-18 15:47:18,196 [INFO] 配置文件被修改，重新加载配置...
2023-12-18 15:47:18,197 [INFO] 配置文件被修改，重新加载配置...
2023-12-18 15:47:18,198 [INFO] 配置文件被修改，重新加载配置...
2023-12-18 15:47:18,199 [INFO] 配置文件被修改，重新加载配置...
2023-12-18 15:47:18,200 [INFO] 配置文件被修改，重新加载配置...
2023-12-18 15:47:18,201 [INFO] 配置文件被修改，重新加载配置...
2023-12-18 15:47:18,201 [INFO] 配置文件被修改，重新加载配置...
2023-12-18 15:47:18,202 [INFO] 配置文件被修改，重新加载配置...
2023-12-18 15:47:18,203 [INFO] 配置文件被修改，重新加载配置...
2023-12-18 15:47:18,204 [INFO] 配置文件被修改，重新加载配置...
2023-12-18 15:47:18,205 [INFO] 配置文件被修改，重新加载配置...
2023-12-18 15:47:18,206 [INFO] 配置文件被修改，重新加载配置...
2023-12-18 15:47:18,207 [INFO] 配置文件被修改，重新加载配置...
2023-12-18 15:47:18,207 [INFO] 配置文件被修改，重新加载配置...
2023-12-18 15:47:18,614 [INFO] 配置文件被修改，重新加载配置...
2023-12-18 15:47:18,615 [INFO] 配置文件被修改，重新加载配置...
2023-12-18 15:47:18,616 [INFO] 配置文件被修改，重新加载配置...
2023-12-18 15:47:18,618 [INFO] 配置文件被修改，重新加载配置...
2023-12-18 15:47:18,619 [INFO] 配置文件被修改，重新加载配置...
2023-12-18 15:47:18,620 [INFO] 配置文件被修改，重新加载配置...
2023-12-18 15:47:18,620 [INFO] 配置文件被修改，重新加载配置...
2023-12-18 15:47:18,621 [INFO] 配置文件被修改，重新加载配置...
2023-12-18 15:47:18,623 [INFO] 配置文件被修改，重新加载配置...
2023-12-18 15:47:18,624 [INFO] 配置文件被修改，重新加载配置...
2023-12-18 15:47:18,624 [INFO] 配置文件被修改，重新加载配置...
2023-12-18 15:47:18,625 [INFO] 配置文件被修改，重新加载配置...
2023-12-18 15:47:18,626 [INFO] 配置文件被修改，重新加载配置...
2023-12-18 15:47:18,627 [INFO] 配置文件被修改，重新加载配置...
2023-12-18 15:47:18,628 [INFO] 配置文件被修改，重新加载配置...
2023-12-18 15:47:18,629 [INFO] 配置文件被修改，重新加载配置...
2023-12-18 15:47:18,784 [INFO] 配置文件被修改，重新加载配置...
2023-12-18 15:47:18,785 [INFO] 配置文件被修改，重新加载配置...
2023-12-18 15:47:18,786 [INFO] 配置文件被修改，重新加载配置...
2023-12-18 15:47:18,788 [INFO] 配置文件被修改，重新加载配置...
2023-12-18 15:47:18,789 [INFO] 配置文件被修改，重新加载配置...
2023-12-18 15:47:18,791 [INFO] 配置文件被修改，重新加载配置...
2023-12-18 15:47:18,792 [INFO] 配置文件被修改，重新加载配置...
2023-12-18 15:47:18,793 [INFO] 配置文件被修改，重新加载配置...
2023-12-18 15:47:18,794 [INFO] 配置文件被修改，重新加载配置...
2023-12-18 15:47:18,795 [INFO] 配置文件被修改，重新加载配置...
2023-12-18 15:47:18,796 [INFO] 配置文件被修改，重新加载配置...
2023-12-18 15:47:18,797 [INFO] 配置文件被修改，重新加载配置...
2023-12-18 15:47:18,798 [INFO] 配置文件被修改，重新加载配置...
2023-12-18 15:47:19,204 [INFO] 配置文件被修改，重新加载配置...
2023-12-18 15:47:19,204 [INFO] 配置文件被修改，重新加载配置...
2023-12-18 15:47:19,206 [INFO] 配置文件被修改，重新加载配置...
2023-12-18 15:47:19,207 [INFO] 配置文件被修改，重新加载配置...
2023-12-18 15:47:19,207 [INFO] 配置文件被修改，重新加载配置...
2023-12-18 15:47:19,209 [INFO] 配置文件被修改，重新加载配置...
2023-12-18 15:47:19,209 [INFO] 配置文件被修改，重新加载配置...
2023-12-18 15:47:19,210 [INFO] 配置文件被修改，重新加载配置...
2023-12-18 15:47:19,211 [INFO] 配置文件被修改，重新加载配置...
2023-12-18 15:47:19,212 [INFO] 配置文件被修改，重新加载配置...
2023-12-18 15:47:19,213 [INFO] 配置文件被修改，重新加载配置...
2023-12-18 15:47:19,214 [INFO] 配置文件被修改，重新加载配置...
2023-12-18 15:47:19,215 [INFO] 配置文件被修改，重新加载配置...
2023-12-18 15:47:19,216 [INFO] 配置文件被修改，重新加载配置...
2023-12-18 15:47:19,217 [INFO] 配置文件被修改，重新加载配置...
2023-12-18 15:47:19,217 [INFO] 配置文件被修改，重新加载配置...
2023-12-18 15:47:19,218 [INFO] 配置文件被修改，重新加载配置...
2023-12-18 15:47:19,219 [INFO] 配置文件被修改，重新加载配置...
2023-12-18 15:47:19,220 [INFO] 配置文件被修改，重新加载配置...
2023-12-18 15:47:19,221 [INFO] 配置文件被修改，重新加载配置...
2023-12-18 15:47:19,221 [INFO] 配置文件被修改，重新加载配置...
2023-12-18 15:47:19,222 [INFO] 配置文件被修改，重新加载配置...
2023-12-18 15:47:19,223 [INFO] 配置文件被修改，重新加载配置...
2023-12-18 15:47:19,224 [INFO] 配置文件被修改，重新加载配置...
2023-12-18 15:47:19,225 [INFO] 配置文件被修改，重新加载配置...
2023-12-18 15:47:19,226 [INFO] 配置文件被修改，重新加载配置...
2023-12-18 15:47:19,227 [INFO] 配置文件被修改，重新加载配置...
2023-12-18 15:47:19,227 [INFO] 配置文件被修改，重新加载配置...
2023-12-18 15:47:19,228 [INFO] 配置文件被修改，重新加载配置...
2023-12-18 15:47:19,229 [INFO] 配置文件被修改，重新加载配置...
2023-12-18 15:47:19,230 [INFO] 配置文件被修改，重新加载配置...
2023-12-18 15:47:19,230 [INFO] 配置文件被修改，重新加载配置...
2023-12-18 15:47:19,231 [INFO] 配置文件被修改，重新加载配置...
2023-12-18 15:47:19,232 [INFO] 配置文件被修改，重新加载配置...
2023-12-18 15:47:19,233 [INFO] 配置文件被修改，重新加载配置...
2023-12-18 15:47:19,235 [INFO] 配置文件被修改，重新加载配置...
2023-12-18 15:47:19,236 [INFO] 配置文件被修改，重新加载配置...
2023-12-18 15:47:19,236 [INFO] 配置文件被修改，重新加载配置...
2023-12-18 15:47:19,237 [INFO] 配置文件被修改，重新加载配置...
2023-12-18 15:47:19,238 [INFO] 配置文件被修改，重新加载配置...
2023-12-18 15:47:19,239 [INFO] 配置文件被修改，重新加载配置...
2023-12-18 15:47:19,240 [INFO] 配置文件被修改，重新加载配置...
2023-12-18 15:47:19,241 [INFO] 配置文件被修改，重新加载配置...
2023-12-18 15:47:19,242 [INFO] 配置文件被修改，重新加载配置...
2023-12-18 15:47:19,242 [INFO] 配置文件被修改，重新加载配置...
2023-12-18 15:47:19,243 [INFO] 配置文件被修改，重新加载配置...
2023-12-18 15:47:19,244 [INFO] 配置文件被修改，重新加载配置...
2023-12-18 15:47:19,245 [INFO] 配置文件被修改，重新加载配置...
2023-12-18 15:47:19,246 [INFO] 配置文件被修改，重新加载配置...
2023-12-18 15:47:19,246 [INFO] 配置文件被修改，重新加载配置...
2023-12-18 15:47:19,247 [INFO] 配置文件被修改，重新加载配置...
2023-12-18 15:47:19,248 [INFO] 配置文件被修改，重新加载配置...
2023-12-18 15:47:19,249 [INFO] 配置文件被修改，重新加载配置...
2023-12-18 15:47:19,323 [INFO] 用户中断程序
2023-12-18 15:47:19,652 [INFO] 配置文件被修改，重新加载配置...
2023-12-18 15:47:19,653 [INFO] 配置文件被修改，重新加载配置...
2023-12-18 15:47:19,655 [INFO] 配置文件被修改，重新加载配置...
2023-12-18 15:47:19,657 [INFO] 配置文件被修改，重新加载配置...
2023-12-18 15:47:19,658 [INFO] 配置文件被修改，重新加载配置...
2023-12-18 15:47:19,659 [INFO] 配置文件被修改，重新加载配置...
2023-12-18 15:47:19,660 [INFO] 配置文件被修改，重新加载配置...
2023-12-18 15:47:19,661 [INFO] 配置文件被修改，重新加载配置...
2023-12-18 15:47:19,662 [INFO] 配置文件被修改，重新加载配置...
2023-12-18 15:47:19,663 [INFO] 配置文件被修改，重新加载配置...
2023-12-18 15:47:19,664 [INFO] 配置文件被修改，重新加载配置...
2023-12-18 15:47:19,665 [INFO] 配置文件被修改，重新加载配置...
2023-12-18 15:47:19,665 [INFO] 配置文件被修改，重新加载配置...
2023-12-18 15:47:19,666 [INFO] 配置文件被修改，重新加载配置...
2023-12-18 15:47:19,667 [INFO] 配置文件被修改，重新加载配置...
2023-12-18 15:47:20,074 [INFO] 配置文件被修改，重新加载配置...
2023-12-18 15:47:20,075 [INFO] 配置文件被修改，重新加载配置...
2023-12-18 15:47:20,078 [INFO] 配置文件被修改，重新加载配置...
2023-12-18 15:47:20,079 [INFO] 配置文件被修改，重新加载配置...
2023-12-18 15:47:20,080 [INFO] 配置文件被修改，重新加载配置...
2023-12-18 15:47:20,081 [INFO] 配置文件被修改，重新加载配置...
2023-12-18 15:47:20,082 [INFO] 配置文件被修改，重新加载配置...
2023-12-18 15:47:20,083 [INFO] 配置文件被修改，重新加载配置...
2023-12-18 15:47:20,084 [INFO] 配置文件被修改，重新加载配置...
2023-12-18 15:47:20,085 [INFO] 配置文件被修改，重新加载配置...
2023-12-18 15:47:20,085 [INFO] 配置文件被修改，重新加载配置...
2023-12-18 15:47:20,086 [INFO] 配置文件被修改，重新加载配置...
2023-12-18 15:47:20,087 [INFO] 配置文件被修改，重新加载配置...
2023-12-18 15:47:20,088 [INFO] 配置文件被修改，重新加载配置...
2023-12-18 15:47:20,089 [INFO] 配置文件被修改，重新加载配置...
2023-12-18 15:47:20,091 [INFO] 配置文件被修改，重新加载配置...
2023-12-18 15:47:20,092 [INFO] 配置文件被修改，重新加载配置...
2023-12-18 15:47:20,092 [INFO] 配置文件被修改，重新加载配置...
2023-12-18 15:47:20,093 [INFO] 配置文件被修改，重新加载配置...
2023-12-18 15:47:20,094 [INFO] 配置文件被修改，重新加载配置...
2023-12-18 15:47:20,095 [INFO] 配置文件被修改，重新加载配置...
2023-12-18 15:47:20,096 [INFO] 配置文件被修改，重新加载配置...
2023-12-18 15:47:20,097 [INFO] 配置文件被修改，重新加载配置...
2023-12-18 15:47:20,097 [INFO] 配置文件被修改，重新加载配置...
2023-12-18 15:47:20,098 [INFO] 配置文件被修改，重新加载配置...
2023-12-18 15:47:20,099 [INFO] 配置文件被修改，重新加载配置...
2023-12-18 15:47:20,100 [INFO] 配置文件被修改，重新加载配置...
2023-12-18 15:47:20,101 [INFO] 配置文件被修改，重新加载配置...
2023-12-18 15:47:20,101 [INFO] 配置文件被修改，重新加载配置...
2023-12-18 15:47:20,102 [INFO] 配置文件被修改，重新加载配置...
2023-12-18 15:47:20,103 [INFO] 配置文件被修改，重新加载配置...
2023-12-18 15:47:20,104 [INFO] 配置文件被修改，重新加载配置...
2023-12-18 15:47:20,511 [INFO] 配置文件被修改，重新加载配置...
2023-12-18 15:47:20,512 [INFO] 配置文件被修改，重新加载配置...
2023-12-18 15:47:20,913 [INFO] 配置文件被修改，重新加载配置...
2023-12-18 15:47:20,914 [INFO] 配置文件被修改，重新加载配置...
2023-12-18 15:47:21,316 [INFO] 配置文件被修改，重新加载配置...
2023-12-18 15:47:21,317 [INFO] 配置文件被修改，重新加载配置...
2023-12-18 15:47:21,718 [INFO] 配置文件被修改，重新加载配置...
2023-12-18 15:47:21,719 [INFO] 配置文件被修改，重新加载配置...
2023-12-18 15:47:21,720 [INFO] 配置文件被修改，重新加载配置...
2023-12-18 15:47:21,720 [INFO] 配置文件被修改，重新加载配置...
2023-12-18 15:47:21,721 [INFO] 配置文件被修改，重新加载配置...
2023-12-18 15:47:21,722 [INFO] 配置文件被修改，重新加载配置...
2023-12-18 15:47:21,723 [INFO] 配置文件被修改，重新加载配置...
2023-12-18 15:47:21,724 [INFO] 配置文件被修改，重新加载配置...
2023-12-18 15:47:21,726 [INFO] 配置文件被修改，重新加载配置...
2023-12-18 15:47:21,726 [INFO] 配置文件被修改，重新加载配置...
2023-12-18 15:47:21,727 [INFO] 配置文件被修改，重新加载配置...
2023-12-18 15:47:21,728 [INFO] 配置文件被修改，重新加载配置...
2023-12-18 15:47:21,729 [INFO] 配置文件被修改，重新加载配置...
2023-12-18 15:47:21,729 [INFO] 配置文件被修改，重新加载配置...
2023-12-18 15:47:21,730 [INFO] 配置文件被修改，重新加载配置...
2023-12-18 15:47:21,731 [INFO] 配置文件被修改，重新加载配置...
2023-12-18 15:47:21,732 [INFO] 配置文件被修改，重新加载配置...
2023-12-18 15:47:21,732 [INFO] 配置文件被修改，重新加载配置...
2023-12-18 15:47:21,733 [INFO] 配置文件被修改，重新加载配置...
2023-12-18 15:47:21,735 [INFO] 配置文件被修改，重新加载配置...
2023-12-18 15:47:21,735 [INFO] 配置文件被修改，重新加载配置...
2023-12-18 15:47:21,736 [INFO] 配置文件被修改，重新加载配置...
2023-12-18 15:47:21,737 [INFO] 配置文件被修改，重新加载配置...
2023-12-18 15:47:21,738 [INFO] 配置文件被修改，重新加载配置...
2023-12-18 15:47:21,738 [INFO] 配置文件被修改，重新加载配置...
2023-12-18 15:47:21,739 [INFO] 配置文件被修改，重新加载配置...
2023-12-18 15:47:21,740 [INFO] 配置文件被修改，重新加载配置...
2023-12-18 15:47:21,741 [INFO] 配置文件被修改，重新加载配置...
2023-12-18 15:47:21,742 [INFO] 配置文件被修改，重新加载配置...
2023-12-18 15:47:21,743 [INFO] 配置文件被修改，重新加载配置...
2023-12-18 15:47:21,744 [INFO] 配置文件被修改，重新加载配置...
2023-12-18 15:47:21,744 [INFO] 配置文件被修改，重新加载配置...
2023-12-18 15:47:21,745 [INFO] 配置文件被修改，重新加载配置...
2023-12-18 15:47:21,746 [INFO] 配置文件被修改，重新加载配置...
2023-12-18 15:47:21,747 [INFO] 配置文件被修改，重新加载配置...
2023-12-18 15:47:21,747 [INFO] 配置文件被修改，重新加载配置...
2023-12-18 15:47:21,748 [INFO] 配置文件被修改，重新加载配置...
2023-12-18 15:47:21,749 [INFO] 配置文件被修改，重新加载配置...
2023-12-18 15:47:21,750 [INFO] 配置文件被修改，重新加载配置...
2023-12-18 15:47:21,752 [INFO] 配置文件被修改，重新加载配置...
2023-12-18 15:47:21,752 [INFO] 配置文件被修改，重新加载配置...
2023-12-18 15:47:21,753 [INFO] 配置文件被修改，重新加载配置...
2023-12-18 15:47:21,754 [INFO] 配置文件被修改，重新加载配置...
2023-12-18 15:47:21,755 [INFO] 配置文件被修改，重新加载配置...
2023-12-18 15:47:21,756 [INFO] 配置文件被修改，重新加载配置...
2023-12-18 15:47:21,756 [INFO] 配置文件被修改，重新加载配置...
2023-12-18 15:47:21,757 [INFO] 配置文件被修改，重新加载配置...
2023-12-18 15:47:21,758 [INFO] 配置文件被修改，重新加载配置...
2023-12-18 15:47:21,759 [INFO] 配置文件被修改，重新加载配置...
2023-12-18 15:47:21,760 [INFO] 配置文件被修改，重新加载配置...
2023-12-18 15:47:21,761 [INFO] 配置文件被修改，重新加载配置...
2023-12-18 15:47:21,761 [INFO] 配置文件被修改，重新加载配置...
2023-12-18 15:47:21,762 [INFO] 配置文件被修改，重新加载配置...
2023-12-18 15:47:21,763 [INFO] 配置文件被修改，重新加载配置...
2023-12-18 15:47:21,764 [INFO] 配置文件被修改，重新加载配置...
2023-12-18 15:47:21,765 [INFO] 配置文件被修改，重新加载配置...
2023-12-18 15:47:21,765 [INFO] 配置文件被修改，重新加载配置...
2023-12-18 15:47:22,167 [INFO] 配置文件被修改，重新加载配置...
2023-12-18 15:47:22,168 [INFO] 配置文件被修改，重新加载配置...
2023-12-18 15:47:22,168 [INFO] 配置文件被修改，重新加载配置...
2023-12-18 15:47:22,169 [INFO] 配置文件被修改，重新加载配置...
2023-12-18 15:47:22,170 [INFO] 配置文件被修改，重新加载配置...
2023-12-18 15:47:22,171 [INFO] 配置文件被修改，重新加载配置...
2023-12-18 15:47:22,173 [INFO] 配置文件被修改，重新加载配置...
2023-12-18 15:47:22,173 [INFO] 配置文件被修改，重新加载配置...
2023-12-18 15:47:22,174 [INFO] 配置文件被修改，重新加载配置...
2023-12-18 15:47:22,175 [INFO] 配置文件被修改，重新加载配置...
2023-12-18 15:47:22,176 [INFO] 配置文件被修改，重新加载配置...
2023-12-18 15:47:22,177 [INFO] 配置文件被修改，重新加载配置...
2023-12-18 15:47:22,178 [INFO] 配置文件被修改，重新加载配置...
2023-12-18 15:47:22,178 [INFO] 配置文件被修改，重新加载配置...
2023-12-18 15:47:22,179 [INFO] 配置文件被修改，重新加载配置...
2023-12-18 15:47:22,180 [INFO] 配置文件被修改，重新加载配置...
2023-12-18 15:47:22,181 [INFO] 配置文件被修改，重新加载配置...
2023-12-18 15:47:22,181 [INFO] 配置文件被修改，重新加载配置...
2023-12-18 15:47:22,182 [INFO] 配置文件被修改，重新加载配置...
2023-12-18 15:47:22,184 [INFO] 配置文件被修改，重新加载配置...
2023-12-18 15:47:22,185 [INFO] 配置文件被修改，重新加载配置...
2023-12-18 15:47:22,185 [INFO] 配置文件被修改，重新加载配置...
2023-12-18 15:47:22,186 [INFO] 配置文件被修改，重新加载配置...
2023-12-18 15:47:22,187 [INFO] 配置文件被修改，重新加载配置...
2023-12-18 15:47:22,188 [INFO] 配置文件被修改，重新加载配置...
2023-12-18 15:47:22,189 [INFO] 配置文件被修改，重新加载配置...
2023-12-18 15:47:22,190 [INFO] 配置文件被修改，重新加载配置...
2023-12-18 15:47:22,191 [INFO] 配置文件被修改，重新加载配置...
2023-12-18 15:47:22,191 [INFO] 配置文件被修改，重新加载配置...
2023-12-18 15:47:22,193 [INFO] 配置文件被修改，重新加载配置...
2023-12-18 15:47:22,193 [INFO] 配置文件被修改，重新加载配置...
2023-12-18 15:47:22,194 [INFO] 配置文件被修改，重新加载配置...
2023-12-18 15:47:22,195 [INFO] 配置文件被修改，重新加载配置...
2023-12-18 15:47:22,196 [INFO] 配置文件被修改，重新加载配置...
2023-12-18 15:47:22,197 [INFO] 配置文件被修改，重新加载配置...
2023-12-18 15:47:22,197 [INFO] 配置文件被修改，重新加载配置...
2023-12-18 15:47:22,198 [INFO] 配置文件被修改，重新加载配置...
2023-12-18 15:47:22,601 [INFO] 配置文件被修改，重新加载配置...
2023-12-18 15:47:22,602 [INFO] 配置文件被修改，重新加载配置...
2023-12-18 15:47:22,604 [INFO] 配置文件被修改，重新加载配置...
2023-12-18 15:47:22,605 [INFO] 配置文件被修改，重新加载配置...
2023-12-18 15:47:22,607 [INFO] 配置文件被修改，重新加载配置...
2023-12-18 15:47:22,608 [INFO] 配置文件被修改，重新加载配置...
2023-12-18 15:47:22,610 [INFO] 配置文件被修改，重新加载配置...
2023-12-18 15:47:22,610 [INFO] 配置文件被修改，重新加载配置...
2023-12-18 15:47:22,611 [INFO] 配置文件被修改，重新加载配置...
2023-12-18 15:47:22,612 [INFO] 配置文件被修改，重新加载配置...
2023-12-18 15:47:22,613 [INFO] 配置文件被修改，重新加载配置...
2023-12-18 15:47:22,614 [INFO] 配置文件被修改，重新加载配置...
2023-12-18 15:47:22,614 [INFO] 配置文件被修改，重新加载配置...
2023-12-18 15:47:22,615 [INFO] 配置文件被修改，重新加载配置...
2023-12-18 15:47:22,616 [INFO] 配置文件被修改，重新加载配置...
2023-12-18 15:47:22,617 [INFO] 配置文件被修改，重新加载配置...
2023-12-18 15:47:22,618 [INFO] 配置文件被修改，重新加载配置...
2023-12-18 15:47:22,619 [INFO] 配置文件被修改，重新加载配置...
2023-12-18 15:47:22,619 [INFO] 配置文件被修改，重新加载配置...
2023-12-18 15:47:22,620 [INFO] 配置文件被修改，重新加载配置...
2023-12-18 15:47:22,621 [INFO] 配置文件被修改，重新加载配置...
2023-12-18 15:47:22,622 [INFO] 配置文件被修改，重新加载配置...
2023-12-18 15:47:22,623 [INFO] 配置文件被修改，重新加载配置...
2023-12-18 15:47:22,624 [INFO] 配置文件被修改，重新加载配置...
2023-12-18 15:47:22,625 [INFO] 配置文件被修改，重新加载配置...
2023-12-18 15:47:22,626 [INFO] 配置文件被修改，重新加载配置...
2023-12-18 15:47:22,626 [INFO] 配置文件被修改，重新加载配置...
2023-12-18 15:47:22,627 [INFO] 配置文件被修改，重新加载配置...
2023-12-18 15:47:22,628 [INFO] 配置文件被修改，重新加载配置...
2023-12-18 15:47:22,629 [INFO] 配置文件被修改，重新加载配置...
2023-12-18 15:47:22,630 [INFO] 配置文件被修改，重新加载配置...
2023-12-18 15:47:22,630 [INFO] 配置文件被修改，重新加载配置...
2023-12-18 15:47:22,631 [INFO] 配置文件被修改，重新加载配置...
2023-12-18 15:47:22,632 [INFO] 配置文件被修改，重新加载配置...
2023-12-18 15:47:23,031 [INFO] 配置文件被修改，重新加载配置...
2023-12-18 15:47:23,032 [INFO] 配置文件被修改，重新加载配置...
2023-12-18 15:47:23,436 [INFO] 配置文件被修改，重新加载配置...
2023-12-18 15:47:23,437 [INFO] 配置文件被修改，重新加载配置...
2023-12-18 15:47:23,438 [INFO] 配置文件被修改，重新加载配置...
2023-12-18 15:47:23,439 [INFO] 配置文件被修改，重新加载配置...
2023-12-18 15:47:23,442 [INFO] 配置文件被修改，重新加载配置...
2023-12-18 15:47:23,443 [INFO] 配置文件被修改，重新加载配置...
2023-12-18 15:47:23,444 [INFO] 配置文件被修改，重新加载配置...
2023-12-18 15:47:23,445 [INFO] 配置文件被修改，重新加载配置...
2023-12-18 15:47:23,445 [INFO] 配置文件被修改，重新加载配置...
2023-12-18 15:47:23,446 [INFO] 配置文件被修改，重新加载配置...
2023-12-18 15:47:23,447 [INFO] 配置文件被修改，重新加载配置...
2023-12-18 15:47:23,448 [INFO] 配置文件被修改，重新加载配置...
2023-12-18 15:47:23,449 [INFO] 配置文件被修改，重新加载配置...
2023-12-18 15:47:23,450 [INFO] 配置文件被修改，重新加载配置...
2023-12-18 15:47:23,854 [INFO] 配置文件被修改，重新加载配置...
2023-12-18 15:47:23,855 [INFO] 配置文件被修改，重新加载配置...
2023-12-18 15:47:23,857 [INFO] 配置文件被修改，重新加载配置...
2023-12-18 15:47:23,859 [INFO] 配置文件被修改，重新加载配置...
2023-12-18 15:47:23,860 [INFO] 配置文件被修改，重新加载配置...
2023-12-18 15:47:23,861 [INFO] 配置文件被修改，重新加载配置...
2023-12-18 15:47:23,862 [INFO] 配置文件被修改，重新加载配置...
2023-12-18 15:47:23,863 [INFO] 配置文件被修改，重新加载配置...
2023-12-18 15:47:23,864 [INFO] 配置文件被修改，重新加载配置...
2023-12-18 15:47:23,864 [INFO] 配置文件被修改，重新加载配置...
2023-12-18 15:47:23,865 [INFO] 配置文件被修改，重新加载配置...
2023-12-18 15:47:23,866 [INFO] 配置文件被修改，重新加载配置...
2023-12-18 15:47:23,867 [INFO] 配置文件被修改，重新加载配置...
2023-12-18 15:47:23,868 [INFO] 配置文件被修改，重新加载配置...
2023-12-18 15:47:23,869 [INFO] 配置文件被修改，重新加载配置...
2023-12-18 15:47:24,274 [INFO] 配置文件被修改，重新加载配置...
2023-12-18 15:47:24,275 [INFO] 配置文件被修改，重新加载配置...
2023-12-18 15:47:24,277 [INFO] 配置文件被修改，重新加载配置...
2023-12-18 15:47:24,278 [INFO] 配置文件被修改，重新加载配置...
2023-12-18 15:47:24,280 [INFO] 配置文件被修改，重新加载配置...
2023-12-18 15:47:24,281 [INFO] 配置文件被修改，重新加载配置...
2023-12-18 15:47:24,282 [INFO] 配置文件被修改，重新加载配置...
2023-12-18 15:47:24,283 [INFO] 配置文件被修改，重新加载配置...
2023-12-18 15:47:24,284 [INFO] 配置文件被修改，重新加载配置...
2023-12-18 15:47:24,285 [INFO] 配置文件被修改，重新加载配置...
2023-12-18 15:47:24,285 [INFO] 配置文件被修改，重新加载配置...
2023-12-18 15:47:24,286 [INFO] 配置文件被修改，重新加载配置...
2023-12-18 15:47:24,287 [INFO] 配置文件被修改，重新加载配置...
2023-12-18 15:47:24,288 [INFO] 配置文件被修改，重新加载配置...
2023-12-18 15:47:24,288 [INFO] 配置文件被修改，重新加载配置...
2023-12-18 15:47:24,290 [INFO] 配置文件被修改，重新加载配置...
2023-12-18 15:47:24,291 [INFO] 配置文件被修改，重新加载配置...
2023-12-18 15:47:24,292 [INFO] 配置文件被修改，重新加载配置...
2023-12-18 15:47:24,293 [INFO] 配置文件被修改，重新加载配置...
2023-12-18 15:47:24,293 [INFO] 配置文件被修改，重新加载配置...
2023-12-18 15:47:24,294 [INFO] 配置文件被修改，重新加载配置...
2023-12-18 15:47:24,294 [INFO] 配置文件被修改，重新加载配置...
2023-12-18 15:47:24,295 [INFO] 配置文件被修改，重新加载配置...
2023-12-18 15:47:24,296 [INFO] 配置文件被修改，重新加载配置...
2023-12-18 15:47:24,297 [INFO] 配置文件被修改，重新加载配置...
2023-12-18 15:47:24,297 [INFO] 配置文件被修改，重新加载配置...
2023-12-18 15:47:24,298 [INFO] 配置文件被修改，重新加载配置...
2023-12-18 15:47:24,299 [INFO] 配置文件被修改，重新加载配置...
2023-12-18 15:47:24,300 [INFO] 配置文件被修改，重新加载配置...
2023-12-18 15:47:24,301 [INFO] 配置文件被修改，重新加载配置...
2023-12-18 15:47:24,301 [INFO] 配置文件被修改，重新加载配置...
2023-12-18 15:47:24,302 [INFO] 配置文件被修改，重新加载配置...
2023-12-18 15:47:24,303 [INFO] 配置文件被修改，重新加载配置...
2023-12-18 15:47:24,304 [INFO] 配置文件被修改，重新加载配置...
2023-12-18 15:47:24,304 [INFO] 配置文件被修改，重新加载配置...
2023-12-18 15:47:24,305 [INFO] 配置文件被修改，重新加载配置...
2023-12-18 15:47:24,307 [INFO] 配置文件被修改，重新加载配置...
2023-12-18 15:47:24,308 [INFO] 配置文件被修改，重新加载配置...
2023-12-18 15:47:24,309 [INFO] 配置文件被修改，重新加载配置...
2023-12-18 15:47:24,310 [INFO] 配置文件被修改，重新加载配置...
2023-12-18 15:47:24,311 [INFO] 配置文件被修改，重新加载配置...
2023-12-18 15:47:24,312 [INFO] 配置文件被修改，重新加载配置...
2023-12-18 15:47:24,313 [INFO] 配置文件被修改，重新加载配置...
2023-12-18 15:47:24,313 [INFO] 配置文件被修改，重新加载配置...
2023-12-18 15:47:24,314 [INFO] 配置文件被修改，重新加载配置...
2023-12-18 15:47:24,315 [INFO] 配置文件被修改，重新加载配置...
2023-12-18 15:47:24,316 [INFO] 配置文件被修改，重新加载配置...
2023-12-18 15:47:24,316 [INFO] 配置文件被修改，重新加载配置...
2023-12-18 15:47:24,317 [INFO] 配置文件被修改，重新加载配置...
2023-12-18 15:47:24,318 [INFO] 配置文件被修改，重新加载配置...
2023-12-18 15:47:24,319 [INFO] 配置文件被修改，重新加载配置...
2023-12-18 15:47:24,320 [INFO] 配置文件被修改，重新加载配置...
2023-12-18 15:47:24,320 [INFO] 配置文件被修改，重新加载配置...
2023-12-18 15:47:24,321 [INFO] 配置文件被修改，重新加载配置...
2023-12-18 15:47:24,322 [INFO] 配置文件被修改，重新加载配置...
2023-12-18 15:47:24,325 [INFO] 配置文件被修改，重新加载配置...
2023-12-18 15:47:24,326 [INFO] 配置文件被修改，重新加载配置...
2023-12-18 15:47:24,326 [INFO] 配置文件被修改，重新加载配置...
2023-12-18 15:47:24,327 [INFO] 配置文件被修改，重新加载配置...
2023-12-18 15:47:24,328 [INFO] 配置文件被修改，重新加载配置...
2023-12-18 15:47:24,329 [INFO] 配置文件被修改，重新加载配置...
2023-12-18 15:47:24,330 [INFO] 配置文件被修改，重新加载配置...
2023-12-18 15:47:24,331 [INFO] 配置文件被修改，重新加载配置...
2023-12-18 15:47:24,331 [INFO] 配置文件被修改，重新加载配置...
2023-12-18 15:47:24,332 [INFO] 配置文件被修改，重新加载配置...
2023-12-18 15:47:24,333 [INFO] 配置文件被修改，重新加载配置...
2023-12-18 15:47:24,334 [INFO] 配置文件被修改，重新加载配置...
2023-12-18 15:47:24,334 [INFO] 配置文件被修改，重新加载配置...
2023-12-18 15:47:24,335 [INFO] 配置文件被修改，重新加载配置...
2023-12-18 15:47:24,336 [INFO] 配置文件被修改，重新加载配置...
2023-12-18 15:47:24,337 [INFO] 配置文件被修改，重新加载配置...
2023-12-18 15:47:24,338 [INFO] 配置文件被修改，重新加载配置...
2023-12-18 15:47:24,729 [INFO] 配置文件被修改，重新加载配置...
2023-12-18 15:47:24,729 [INFO] 配置文件被修改，重新加载配置...
2023-12-18 15:47:24,731 [INFO] 配置文件被修改，重新加载配置...
2023-12-18 15:47:24,733 [INFO] 配置文件被修改，重新加载配置...
2023-12-18 15:47:24,735 [INFO] 配置文件被修改，重新加载配置...
2023-12-18 15:47:24,736 [INFO] 配置文件被修改，重新加载配置...
2023-12-18 15:47:24,737 [INFO] 配置文件被修改，重新加载配置...
2023-12-18 15:47:24,738 [INFO] 配置文件被修改，重新加载配置...
2023-12-18 15:47:24,739 [INFO] 配置文件被修改，重新加载配置...
2023-12-18 15:47:24,740 [INFO] 配置文件被修改，重新加载配置...
2023-12-18 15:47:24,741 [INFO] 配置文件被修改，重新加载配置...
2023-12-18 15:47:24,742 [INFO] 配置文件被修改，重新加载配置...
2023-12-18 15:47:24,743 [INFO] 配置文件被修改，重新加载配置...
2023-12-18 15:47:24,744 [INFO] 配置文件被修改，重新加载配置...
2023-12-18 15:47:25,150 [INFO] 配置文件被修改，重新加载配置...
2023-12-18 15:47:25,150 [INFO] 配置文件被修改，重新加载配置...
2023-12-18 15:47:25,152 [INFO] 配置文件被修改，重新加载配置...
2023-12-18 15:47:25,153 [INFO] 配置文件被修改，重新加载配置...
2023-12-18 15:47:25,154 [INFO] 配置文件被修改，重新加载配置...
2023-12-18 15:47:25,155 [INFO] 配置文件被修改，重新加载配置...
2023-12-18 15:47:25,156 [INFO] 配置文件被修改，重新加载配置...
2023-12-18 15:47:25,157 [INFO] 配置文件被修改，重新加载配置...
2023-12-18 15:47:25,158 [INFO] 配置文件被修改，重新加载配置...
2023-12-18 15:47:25,159 [INFO] 配置文件被修改，重新加载配置...
2023-12-18 15:47:25,160 [INFO] 配置文件被修改，重新加载配置...
2023-12-18 15:47:25,160 [INFO] 配置文件被修改，重新加载配置...
2023-12-18 15:47:25,161 [INFO] 配置文件被修改，重新加载配置...
2023-12-18 15:47:25,162 [INFO] 配置文件被修改，重新加载配置...
2023-12-18 15:47:25,163 [INFO] 配置文件被修改，重新加载配置...
2023-12-18 15:47:25,164 [INFO] 配置文件被修改，重新加载配置...
2023-12-18 15:47:25,165 [INFO] 配置文件被修改，重新加载配置...
2023-12-18 15:49:02,568 [INFO] 守护进程线程 file server check 正在执行...
2023-12-18 15:49:02,568 [INFO] 守护进程线程 system server check 正在执行...
2023-12-18 15:49:02,568 [INFO] 线程 file server check 正在运行，等待 20 秒后继续执行.
2023-12-18 15:49:02,568 [INFO] 线程 system server check 正在运行，等待 5 秒后继续执行.
2023-12-18 15:49:07,572 [INFO] 守护进程线程 system server check 正在执行...
2023-12-18 15:49:07,572 [INFO] 线程 system server check 正在运行，等待 5 秒后继续执行.
2023-12-18 15:49:12,581 [INFO] 守护进程线程 system server check 正在执行...
2023-12-18 15:49:12,581 [INFO] 线程 system server check 正在运行，等待 5 秒后继续执行.
2023-12-18 15:49:17,585 [INFO] 守护进程线程 system server check 正在执行...
2023-12-18 15:49:17,585 [INFO] 线程 system server check 正在运行，等待 5 秒后继续执行.
2023-12-18 15:49:22,582 [INFO] 守护进程线程 file server check 正在执行...
2023-12-18 15:49:22,582 [INFO] 线程 file server check 正在运行，等待 20 秒后继续执行.
2023-12-18 15:49:22,599 [INFO] 守护进程线程 system server check 正在执行...
2023-12-18 15:49:22,599 [INFO] 线程 system server check 正在运行，等待 5 秒后继续执行.
2023-12-18 15:49:27,605 [INFO] 守护进程线程 system server check 正在执行...
2023-12-18 15:49:27,605 [INFO] 线程 system server check 正在运行，等待 5 秒后继续执行.
2023-12-18 15:49:29,630 [INFO] 配置文件被修改，重新加载配置...
2023-12-18 15:49:29,638 [INFO] 配置文件被修改，重新加载配置...
2023-12-18 15:49:32,616 [INFO] 守护进程线程 system server check 正在执行...
2023-12-18 15:49:32,616 [INFO] 线程 system server check 正在运行，等待 10 秒后继续执行.
2023-12-18 15:49:42,585 [INFO] 守护进程线程 file server check 正在执行...
2023-12-18 15:49:42,585 [INFO] 线程 file server check 正在运行，等待 20 秒后继续执行.
2023-12-18 15:49:42,631 [INFO] 守护进程线程 system server check 正在执行...
2023-12-18 15:49:42,631 [INFO] 线程 system server check 正在运行，等待 10 秒后继续执行.
2023-12-18 15:49:52,645 [INFO] 守护进程线程 system server check 正在执行...
2023-12-18 15:49:52,645 [INFO] 线程 system server check 正在运行，等待 10 秒后继续执行.
2023-12-18 15:50:02,587 [INFO] 守护进程线程 file server check 正在执行...
2023-12-18 15:50:02,587 [INFO] 线程 file server check 正在运行，等待 20 秒后继续执行.
2023-12-18 15:50:02,649 [INFO] 守护进程线程 system server check 正在执行...
2023-12-18 15:50:02,649 [INFO] 线程 system server check 正在运行，等待 10 秒后继续执行.
2023-12-18 15:50:06,134 [INFO] 用户中断程序
2023-12-18 15:50:25,330 [INFO] 守护进程线程 file server check 正在执行...
2023-12-18 15:50:25,330 [INFO] 线程 file server check 正在运行，等待 20 秒后继续执行.
2023-12-18 15:50:25,331 [INFO] 守护进程线程 system server check 正在执行...
2023-12-18 15:50:25,331 [INFO] 线程 system server check 正在运行，等待 10 秒后继续执行.
2023-12-18 15:50:27,201 [INFO] 用户中断程序
2023-12-18 15:53:03,414 [INFO] 守护进程线程 file server check 正在执行...
2023-12-18 15:53:03,414 [INFO] 线程 file server check 正在运行，等待 20 秒后继续执行.
2023-12-18 15:53:03,415 [INFO] 守护进程线程 system server check 正在执行...
2023-12-18 15:53:03,415 [INFO] 线程 system server check 正在运行，等待 10 秒后继续执行.
2023-12-18 15:53:13,421 [INFO] 守护进程线程 system server check 正在执行...
2023-12-18 15:53:13,421 [INFO] 线程 system server check 正在运行，等待 10 秒后继续执行.
2023-12-18 15:53:23,421 [INFO] 守护进程线程 file server check 正在执行...
2023-12-18 15:53:23,421 [INFO] 线程 file server check 正在运行，等待 20 秒后继续执行.
2023-12-18 15:53:23,437 [INFO] 守护进程线程 system server check 正在执行...
2023-12-18 15:53:23,437 [INFO] 线程 system server check 正在运行，等待 10 秒后继续执行.
2023-12-18 15:53:24,274 [INFO] 用户中断程序
2023-12-18 15:53:29,131 [INFO] 配置文件被修改，重新加载配置...
2023-12-18 15:53:30,142 [INFO] 配置文件被修改，重新加载配置...
2023-12-18 15:53:31,147 [INFO] 配置文件被修改，重新加载配置...
2023-12-18 15:53:32,155 [INFO] 配置文件被修改，重新加载配置...
2023-12-18 15:53:33,169 [INFO] 配置文件被修改，重新加载配置...
2023-12-18 15:53:34,176 [INFO] 配置文件被修改，重新加载配置...
2023-12-18 15:53:35,186 [INFO] 配置文件被修改，重新加载配置...
2023-12-18 15:53:36,196 [INFO] 配置文件被修改，重新加载配置...
2023-12-18 15:53:37,206 [INFO] 配置文件被修改，重新加载配置...
2023-12-18 15:53:38,219 [INFO] 配置文件被修改，重新加载配置...
2023-12-18 15:53:39,229 [INFO] 配置文件被修改，重新加载配置...
2023-12-18 15:53:40,242 [INFO] 配置文件被修改，重新加载配置...
2023-12-18 15:53:41,255 [INFO] 配置文件被修改，重新加载配置...
2023-12-18 15:53:42,263 [INFO] 配置文件被修改，重新加载配置...
2023-12-18 15:53:43,274 [INFO] 配置文件被修改，重新加载配置...
2023-12-18 15:54:02,305 [INFO] 守护进程线程 file server check 正在执行...
2023-12-18 15:54:02,305 [INFO] 线程 file server check 正在运行，等待 20 秒后继续执行.
2023-12-18 15:54:02,306 [INFO] 守护进程线程 system server check 正在执行...
2023-12-18 15:54:02,307 [INFO] 线程 system server check 正在运行，等待 10 秒后继续执行.
2023-12-18 15:54:12,319 [INFO] 守护进程线程 system server check 正在执行...
2023-12-18 15:54:12,319 [INFO] 线程 system server check 正在运行，等待 10 秒后继续执行.
2023-12-18 15:54:22,312 [INFO] 守护进程线程 file server check 正在执行...
2023-12-18 15:54:22,313 [INFO] 线程 file server check 正在运行，等待 20 秒后继续执行.
2023-12-18 15:54:22,328 [INFO] 守护进程线程 system server check 正在执行...
2023-12-18 15:54:22,328 [INFO] 线程 system server check 正在运行，等待 10 秒后继续执行.
2023-12-18 15:54:23,265 [INFO] 用户中断程序
2023-12-18 15:54:26,314 [INFO] 配置文件被修改，重新加载配置...
2023-12-18 15:54:27,325 [INFO] 配置文件被修改，重新加载配置...
2023-12-18 15:54:28,336 [INFO] 配置文件被修改，重新加载配置...
2023-12-18 15:54:29,349 [INFO] 配置文件被修改，重新加载配置...
2023-12-18 15:54:30,355 [INFO] 配置文件被修改，重新加载配置...
2023-12-18 15:54:31,369 [INFO] 配置文件被修改，重新加载配置...
2023-12-18 15:54:32,380 [INFO] 配置文件被修改，重新加载配置...
2023-12-18 15:54:33,393 [INFO] 配置文件被修改，重新加载配置...
2023-12-18 15:54:34,401 [INFO] 配置文件被修改，重新加载配置...
2023-12-18 15:54:35,416 [INFO] 配置文件被修改，重新加载配置...
2023-12-18 15:54:36,428 [INFO] 配置文件被修改，重新加载配置...
2023-12-18 15:54:37,443 [INFO] 配置文件被修改，重新加载配置...
2023-12-18 15:54:38,452 [INFO] 配置文件被修改，重新加载配置...
2023-12-18 15:54:39,463 [INFO] 配置文件被修改，重新加载配置...
2023-12-18 15:54:40,470 [INFO] 配置文件被修改，重新加载配置...
2023-12-18 15:54:41,480 [INFO] 配置文件被修改，重新加载配置...
2023-12-18 15:54:57,756 [INFO] 守护进程线程 file server check 正在执行...
2023-12-18 15:54:57,756 [INFO] 线程 file server check 正在运行，等待 20 秒后继续执行.
2023-12-18 15:54:57,756 [INFO] 守护进程线程 system server check 正在执行...
2023-12-18 15:54:57,757 [INFO] 线程 system server check 正在运行，等待 10 秒后继续执行.
2023-12-18 15:55:07,760 [INFO] 守护进程线程 system server check 正在执行...
2023-12-18 15:55:07,760 [INFO] 线程 system server check 正在运行，等待 10 秒后继续执行.
2023-12-18 15:55:17,772 [INFO] 守护进程线程 file server check 正在执行...
2023-12-18 15:55:17,772 [INFO] 守护进程线程 system server check 正在执行...
2023-12-18 15:55:17,772 [INFO] 线程 file server check 正在运行，等待 20 秒后继续执行.
2023-12-18 15:55:17,774 [INFO] 线程 system server check 正在运行，等待 10 秒后继续执行.
2023-12-18 15:55:22,844 [INFO] 用户中断程序
2023-12-19 09:21:17,680 [INFO] 守护进程线程 file server check 正在执行...
2023-12-19 09:21:17,682 [INFO] 守护进程线程 system server check 正在执行...
2023-12-19 09:21:17,753 [INFO] 线程 file server check 正在运行，等待 20 秒后继续执行.
2023-12-19 09:21:17,753 [INFO] 线程 system server check 正在运行，等待 10 秒后继续执行.
2023-12-19 09:21:27,757 [INFO] 守护进程线程 system server check 正在执行...
2023-12-19 09:21:27,757 [INFO] 线程 system server check 正在运行，等待 10 秒后继续执行.
2023-12-19 09:21:37,758 [INFO] 守护进程线程 file server check 正在执行...
2023-12-19 09:21:37,758 [INFO] 线程 file server check 正在运行，等待 20 秒后继续执行.
2023-12-19 09:21:37,774 [INFO] 守护进程线程 system server check 正在执行...
2023-12-19 09:21:37,774 [INFO] 线程 system server check 正在运行，等待 10 秒后继续执行.
2023-12-19 09:21:39,495 [INFO] 用户中断程序
2023-12-19 09:23:14,900 [INFO] 守护进程线程 file server check 正在执行...
2023-12-19 09:23:14,900 [INFO] 线程 file server check 正在运行，等待 20 秒后继续执行.
2023-12-19 09:23:14,901 [INFO] 守护进程线程 system server check 正在执行...
2023-12-19 09:23:14,901 [INFO] 线程 system server check 正在运行，等待 10 秒后继续执行.
2023-12-19 09:23:21,402 [INFO] 用户中断程序，程序中断开始，请稍后...
2023-12-19 09:23:34,903 [INFO] 程序中断完成
2023-12-19 09:25:46,648 [INFO] 守护进程线程 file server check 正在执行...
2023-12-19 09:25:46,649 [INFO] 线程 file server check 正在运行，等待 20 秒后继续执行.
2023-12-19 09:25:46,649 [INFO] 守护进程线程 system server check 正在执行...
2023-12-19 09:25:46,650 [INFO] 线程 system server check 正在运行，等待 10 秒后继续执行.
2023-12-19 09:25:51,575 [INFO] 用户中断程序，程序中断开始，请稍后...
2023-12-19 09:25:51,576 [INFO] [<WorkerThread(Thread-1, started 26972)>, <WorkerThread(Thread-2, started 11244)>]
2023-12-19 09:25:56,665 [INFO] 守护进程线程 system server check 正在执行...
2023-12-19 09:25:56,665 [INFO] 线程 system server check 正在运行，等待 10 秒后继续执行.
2023-12-19 09:26:01,589 [INFO] [<WorkerThread(Thread-1, started 26972)>, <WorkerThread(Thread-2, started 11244)>]
2023-12-19 09:26:06,681 [INFO] 程序中断完成
2023-12-19 09:26:32,992 [INFO] 守护进程线程 file server check 正在执行...
2023-12-19 09:26:32,992 [INFO] 线程 file server check 正在运行，等待 20 秒后继续执行.
2023-12-19 09:26:32,993 [INFO] 守护进程线程 system server check 正在执行...
2023-12-19 09:26:32,993 [INFO] 线程 system server check 正在运行，等待 10 秒后继续执行.
2023-12-19 09:26:35,746 [INFO] 用户中断程序，程序中断开始，请稍后...
2023-12-19 09:26:35,746 [INFO] <WorkerThread(Thread-2, started 11212)>
2023-12-19 09:26:43,005 [INFO] 守护进程线程 system server check 正在执行...
2023-12-19 09:26:43,005 [INFO] 线程 system server check 正在运行，等待 10 秒后继续执行.
2023-12-19 09:26:45,758 [INFO] <WorkerThread(Thread-2, started 11212)>
2023-12-19 09:26:53,009 [INFO] 程序中断完成
2023-12-19 09:48:20,689 [INFO] 守护进程线程 file server check 正在执行...
2023-12-19 09:48:20,689 [INFO] 线程 file server check 正在运行，等待 20 秒后继续执行.
2023-12-19 09:48:20,689 [INFO] 守护进程线程 system server check 正在执行...
2023-12-19 09:48:20,689 [INFO] 线程 system server check 正在运行，等待 10 秒后继续执行.
2023-12-19 09:48:22,606 [INFO] 用户中断程序，程序中断开始，请稍后...
2023-12-19 09:48:40,695 [INFO] 程序中断完成
2023-12-19 09:51:34,509 [INFO] 守护进程线程 file server check 正在执行...
2023-12-19 09:51:34,509 [INFO] 守护进程线程 system server check 正在执行...
2023-12-19 09:51:34,509 [INFO] 线程 file server check 正在运行，等待 20 秒后继续执行.
2023-12-19 09:51:34,510 [INFO] 线程 system server check 正在运行，等待 10 秒后继续执行.
2023-12-19 09:51:35,929 [INFO] 用户中断程序，程序中断开始，请稍后...
2023-12-19 09:51:54,511 [INFO] 程序中断完成
2023-12-19 09:53:01,201 [INFO] 守护进程线程 file server check 正在执行...
2023-12-19 09:53:01,201 [INFO] 线程 file server check 正在运行，等待 20 秒后继续执行.
2023-12-19 09:53:01,201 [INFO] 守护进程线程 system server check 正在执行...
2023-12-19 09:53:01,202 [INFO] 线程 system server check 正在运行，等待 10 秒后继续执行.
2023-12-19 09:53:03,010 [INFO] 用户中断程序，程序中断开始，请稍后...
2023-12-19 09:53:21,212 [INFO] 程序中断完成
2023-12-19 09:56:46,229 [INFO] 守护进程线程 file server check 正在执行...
2023-12-19 09:56:46,230 [INFO] 守护进程线程 system server check 正在执行...
2023-12-19 09:56:46,230 [INFO] 线程 file server check 正在运行，等待 20 秒后继续执行.
2023-12-19 09:56:46,230 [INFO] 线程 system server check 正在运行，等待 10 秒后继续执行.
2023-12-19 09:56:49,094 [INFO] 用户中断程序，程序中断开始，请稍后...
2023-12-19 09:57:06,235 [INFO] Thread-1
2023-12-19 09:57:06,235 [INFO] Thread-2
2023-12-19 09:57:06,237 [INFO] 程序中断完成
2023-12-19 10:25:50,909 [INFO] 守护进程线程 file server check 正在执行...
2023-12-19 10:25:50,909 [ERROR] 发生了异常: 'dict' object has no attribute 'page_url'
2023-12-19 10:25:50,911 [INFO] 守护进程线程 system server check 正在执行...
2023-12-19 10:25:50,911 [ERROR] 发生了异常: 'dict' object has no attribute 'page_url'
2023-12-19 10:25:53,655 [INFO] 用户中断程序，程序中断开始，请稍后...
2023-12-19 10:25:53,655 [INFO] Thread-1
2023-12-19 10:25:53,655 [INFO] Thread-2
2023-12-19 10:25:53,655 [INFO] 程序中断完成
2023-12-19 11:34:20,824 [INFO] 守护进程线程 file server check 正在执行...
2023-12-19 11:34:20,824 [INFO] 守护进程线程 system server check 未启动，跳过执行.
2023-12-19 11:34:20,878 [ERROR] 发生了请求异常: 403 Client Error: Forbidden for url: https://zhdj.xfc.gov.cn/file/api/v2/download?fileId=4f116853-c1db-4f21-aa72-7996331a7d2c.txt
2023-12-19 11:34:20,878 [INFO] 访问失败，失败次数: 1
2023-12-19 11:34:23,832 [INFO] 用户中断程序，程序中断开始，请稍后...
2023-12-19 11:34:30,934 [ERROR] 发生了请求异常: 403 Client Error: Forbidden for url: https://zhdj.xfc.gov.cn/file/api/v2/download?fileId=4f116853-c1db-4f21-aa72-7996331a7d2c.txt
2023-12-19 11:34:30,934 [INFO] 访问失败，失败次数: 1
2023-12-19 11:34:43,394 [INFO] 访问成功！
2023-12-19 11:35:03,434 [ERROR] 发生了请求异常: 403 Client Error: Forbidden for url: https://zhdj.xfc.gov.cn/file/api/v2/download?fileId=4f116853-c1db-4f21-aa72-7996331a7d2c.txt
2023-12-19 11:35:03,434 [INFO] 访问失败，失败次数: 1
2023-12-19 11:37:28,256 [INFO] 守护进程线程 file server check 正在执行...
2023-12-19 11:37:28,256 [INFO] 守护进程线程 system server check 未启动，跳过执行.
2023-12-19 11:37:28,610 [ERROR] 发生了请求异常: 403 Client Error: Forbidden for url: https://zhdj.xfc.gov.cn/file/api/v2/download?fileId=4f116853-c1db-4f21-aa72-7996331a7d2c.txt
2023-12-19 11:37:28,610 [INFO] 访问失败，失败次数: 1
2023-12-19 11:37:33,260 [INFO] 守护进程线程 system server check 未启动，跳过执行.
2023-12-19 11:37:38,265 [INFO] 守护进程线程 system server check 未启动，跳过执行.
2023-12-19 11:37:38,658 [ERROR] 发生了请求异常: 403 Client Error: Forbidden for url: https://zhdj.xfc.gov.cn/file/api/v2/download?fileId=4f116853-c1db-4f21-aa72-7996331a7d2c.txt
2023-12-19 11:37:38,659 [INFO] 访问失败，失败次数: 2
2023-12-19 11:37:43,271 [INFO] 守护进程线程 system server check 未启动，跳过执行.
2023-12-19 11:37:48,283 [INFO] 守护进程线程 system server check 未启动，跳过执行.
2023-12-19 11:37:48,698 [ERROR] 发生了请求异常: 403 Client Error: Forbidden for url: https://zhdj.xfc.gov.cn/file/api/v2/download?fileId=4f116853-c1db-4f21-aa72-7996331a7d2c.txt
2023-12-19 11:37:48,698 [INFO] 访问失败，失败次数: 3
2023-12-19 11:37:53,287 [INFO] 守护进程线程 system server check 未启动，跳过执行.
2023-12-19 11:37:58,294 [INFO] 守护进程线程 system server check 未启动，跳过执行.
2023-12-19 11:37:58,745 [ERROR] 发生了请求异常: 403 Client Error: Forbidden for url: https://zhdj.xfc.gov.cn/file/api/v2/download?fileId=4f116853-c1db-4f21-aa72-7996331a7d2c.txt
2023-12-19 11:37:58,746 [INFO] 访问失败，失败次数: 4
2023-12-19 11:38:03,302 [INFO] 守护进程线程 system server check 未启动，跳过执行.
2023-12-19 11:38:08,313 [INFO] 守护进程线程 system server check 未启动，跳过执行.
2023-12-19 11:38:08,778 [ERROR] 发生了请求异常: 403 Client Error: Forbidden for url: https://zhdj.xfc.gov.cn/file/api/v2/download?fileId=4f116853-c1db-4f21-aa72-7996331a7d2c.txt
2023-12-19 11:38:08,779 [INFO] 访问失败，失败次数: 5
2023-12-19 11:38:08,780 [ERROR] 发生了异常: 'dict' object has no attribute 'send_notification'
2023-12-19 11:38:13,325 [INFO] 守护进程线程 system server check 未启动，跳过执行.
2023-12-19 11:38:18,327 [INFO] 守护进程线程 system server check 未启动，跳过执行.
2023-12-19 11:38:18,825 [ERROR] 发生了请求异常: 403 Client Error: Forbidden for url: https://zhdj.xfc.gov.cn/file/api/v2/download?fileId=4f116853-c1db-4f21-aa72-7996331a7d2c.txt
2023-12-19 11:38:18,826 [INFO] 访问失败，失败次数: 6
2023-12-19 11:38:18,827 [ERROR] 发生了异常: 'dict' object has no attribute 'send_notification'
2023-12-19 11:38:23,337 [INFO] 守护进程线程 system server check 未启动，跳过执行.
2023-12-19 11:38:28,343 [INFO] 守护进程线程 system server check 未启动，跳过执行.
2023-12-19 11:38:28,862 [ERROR] 发生了请求异常: 403 Client Error: Forbidden for url: https://zhdj.xfc.gov.cn/file/api/v2/download?fileId=4f116853-c1db-4f21-aa72-7996331a7d2c.txt
2023-12-19 11:38:28,863 [INFO] 访问失败，失败次数: 7
2023-12-19 11:38:28,864 [ERROR] 发生了异常: 'dict' object has no attribute 'send_notification'
2023-12-19 11:38:31,525 [INFO] 用户中断程序，程序中断开始，请稍后...
2023-12-19 11:38:38,921 [ERROR] 发生了请求异常: 403 Client Error: Forbidden for url: https://zhdj.xfc.gov.cn/file/api/v2/download?fileId=4f116853-c1db-4f21-aa72-7996331a7d2c.txt
2023-12-19 11:38:38,921 [INFO] 访问失败，失败次数: 8
2023-12-19 11:38:38,921 [ERROR] 发生了异常: 'dict' object has no attribute 'send_notification'
2023-12-19 11:38:48,955 [ERROR] 发生了请求异常: 403 Client Error: Forbidden for url: https://zhdj.xfc.gov.cn/file/api/v2/download?fileId=4f116853-c1db-4f21-aa72-7996331a7d2c.txt
2023-12-19 11:38:48,956 [INFO] 访问失败，失败次数: 9
2023-12-19 11:38:48,956 [ERROR] 发生了异常: 'dict' object has no attribute 'send_notification'
2023-12-19 11:48:19,282 [ERROR] 配置文件参数缺失: 'daemon'
2023-12-19 11:49:43,903 [ERROR] 发生了请求异常: 403 Client Error: Forbidden for url: https://zhdj.xfc.gov.cn/file/api/v2/download?fileId=4f116853-c1db-4f21-aa72-7996331a7d2c.txt
2023-12-19 11:49:43,904 [INFO] 访问失败，失败次数: 1
2023-12-19 11:49:53,935 [ERROR] 发生了请求异常: 403 Client Error: Forbidden for url: https://zhdj.xfc.gov.cn/file/api/v2/download?fileId=4f116853-c1db-4f21-aa72-7996331a7d2c.txt
2023-12-19 11:49:53,935 [INFO] 访问失败，失败次数: 2
2023-12-19 11:50:03,979 [ERROR] 发生了请求异常: 403 Client Error: Forbidden for url: https://zhdj.xfc.gov.cn/file/api/v2/download?fileId=4f116853-c1db-4f21-aa72-7996331a7d2c.txt
2023-12-19 11:50:03,980 [INFO] 访问失败，失败次数: 3
2023-12-19 11:50:14,013 [ERROR] 发生了请求异常: 403 Client Error: Forbidden for url: https://zhdj.xfc.gov.cn/file/api/v2/download?fileId=4f116853-c1db-4f21-aa72-7996331a7d2c.txt
2023-12-19 11:50:14,013 [INFO] 访问失败，失败次数: 4
2023-12-19 11:50:14,935 [INFO] 守护进程被终止.
2023-12-19 11:54:38,629 [ERROR] 发生了请求异常: 403 Client Error: Forbidden for url: https://zhdj.xfc.gov.cn/file/api/v2/download?fileId=4f116853-c1db-4f21-aa72-7996331a7d2c.txt
2023-12-19 11:54:38,656 [INFO] 访问失败，失败次数: 1
2023-12-19 11:54:48,700 [ERROR] 发生了请求异常: 403 Client Error: Forbidden for url: https://zhdj.xfc.gov.cn/file/api/v2/download?fileId=4f116853-c1db-4f21-aa72-7996331a7d2c.txt
2023-12-19 11:54:48,700 [INFO] 访问失败，失败次数: 2
2023-12-19 11:54:52,479 [INFO] 守护进程被终止.
2023-12-19 15:00:18,049 [ERROR] 发生了请求异常: 403 Client Error: Forbidden for url: https://zhdj.xfc.gov.cn/file/api/v2/download?fileId=4f116853-c1db-4f21-aa72-7996331a7d2c.txt
2023-12-19 15:00:18,050 [INFO] 访问失败，失败次数: 1
2023-12-19 15:00:28,080 [ERROR] 发生了请求异常: 403 Client Error: Forbidden for url: https://zhdj.xfc.gov.cn/file/api/v2/download?fileId=4f116853-c1db-4f21-aa72-7996331a7d2c.txt
2023-12-19 15:00:28,080 [INFO] 访问失败，失败次数: 2
2023-12-19 15:00:29,945 [INFO] 守护进程被终止.
2023-12-19 15:23:13,747 [ERROR] 发生了请求异常: 403 Client Error: Forbidden for url: https://zhdj.xfc.gov.cn/file/api/v2/download?fileId=e719dcd8-22bf-4c37-8aca-d3ce319f77fa.png
2023-12-19 15:23:13,747 [INFO] 访问失败，失败次数: 1
2023-12-19 15:23:23,790 [ERROR] 发生了请求异常: 403 Client Error: Forbidden for url: https://zhdj.xfc.gov.cn/file/api/v2/download?fileId=e719dcd8-22bf-4c37-8aca-d3ce319f77fa.png
2023-12-19 15:23:23,790 [INFO] 访问失败，失败次数: 2
2023-12-19 15:23:25,536 [INFO] 守护进程被终止.
2023-12-19 15:29:36,018 [ERROR] 发生了请求异常: 403 Client Error: Forbidden for url: https://zhdj.xfc.gov.cn/file/api/v2/download?fileId=4f116853-c1db-4f21-aa72-7996331a7d2c.txt
2023-12-19 15:29:36,018 [INFO] 访问失败，失败次数: 1
2023-12-19 15:29:37,787 [INFO] 守护进程被终止.
2023-12-19 15:36:59,431 [INFO] 访问成功！
2023-12-19 15:37:21,348 [INFO] 访问成功！
2023-12-19 15:37:43,972 [INFO] 访问成功！
2023-12-19 15:38:08,104 [INFO] 访问成功！
2023-12-19 15:38:30,212 [INFO] 访问成功！
2023-12-19 15:38:52,597 [INFO] 访问成功！
2023-12-19 15:39:14,673 [INFO] 访问成功！
2023-12-19 15:39:37,763 [INFO] 访问成功！
2023-12-19 15:39:59,656 [INFO] 访问成功！
2023-12-19 15:40:15,671 [INFO] 守护进程被终止.
2023-12-19 15:40:24,258 [INFO] 守护进程线程 file server check 正在执行...
2023-12-19 15:40:24,260 [INFO] 守护进程线程 system server check 未启动，跳过执行.
2023-12-19 15:40:26,408 [INFO] 访问成功！
2023-12-19 15:40:29,270 [INFO] 守护进程线程 system server check 未启动，跳过执行.
2023-12-19 15:40:34,275 [INFO] 守护进程线程 system server check 未启动，跳过执行.
2023-12-19 15:40:39,280 [INFO] 守护进程线程 system server check 未启动，跳过执行.
2023-12-19 15:40:44,295 [INFO] 守护进程线程 system server check 未启动，跳过执行.
2023-12-19 15:40:49,298 [INFO] 守护进程线程 system server check 未启动，跳过执行.
2023-12-19 15:40:49,660 [INFO] 访问成功！
2023-12-19 15:40:54,302 [INFO] 守护进程线程 system server check 未启动，跳过执行.
2023-12-19 15:40:59,310 [INFO] 守护进程线程 system server check 未启动，跳过执行.
2023-12-19 15:41:04,322 [INFO] 守护进程线程 system server check 未启动，跳过执行.
2023-12-19 15:41:09,325 [INFO] 守护进程线程 system server check 未启动，跳过执行.
2023-12-19 15:41:14,331 [INFO] 守护进程线程 system server check 未启动，跳过执行.
2023-12-19 15:41:19,340 [INFO] 守护进程线程 system server check 未启动，跳过执行.
2023-12-19 15:41:20,920 [INFO] 访问成功！
2023-12-19 15:41:24,340 [INFO] 守护进程线程 system server check 未启动，跳过执行.
2023-12-19 15:41:29,342 [INFO] 守护进程线程 system server check 未启动，跳过执行.
2023-12-19 15:41:34,352 [INFO] 守护进程线程 system server check 未启动，跳过执行.
2023-12-19 15:41:39,353 [INFO] 守护进程线程 system server check 未启动，跳过执行.
2023-12-19 15:41:44,364 [INFO] 守护进程线程 system server check 未启动，跳过执行.
2023-12-19 15:41:45,215 [INFO] 访问成功！
2023-12-19 15:41:49,365 [INFO] 守护进程线程 system server check 未启动，跳过执行.
2023-12-19 15:41:54,373 [INFO] 守护进程线程 system server check 未启动，跳过执行.
2023-12-19 15:41:58,480 [INFO] 配置文件被修改，重新加载配置...
2023-12-19 15:41:59,375 [INFO] 守护进程线程 system server check 未启动，跳过执行.
2023-12-19 15:41:59,488 [INFO] 配置文件被修改，重新加载配置...
2023-12-19 15:42:04,386 [INFO] 守护进程线程 system server check 正在执行...
2023-12-19 15:42:04,435 [INFO] 访问成功！
2023-12-19 15:42:07,688 [INFO] 访问成功！
2023-12-19 15:42:14,818 [INFO] 访问成功！
2023-12-19 15:42:24,892 [INFO] 访问成功！
2023-12-19 15:42:29,888 [INFO] 配置文件被修改，重新加载配置...
2023-12-19 15:42:30,226 [INFO] 访问成功！
2023-12-19 15:42:30,904 [INFO] 配置文件被修改，重新加载配置...
2023-12-19 15:42:31,914 [INFO] 配置文件被修改，重新加载配置...
2023-12-19 15:42:32,920 [INFO] 配置文件被修改，重新加载配置...
2023-12-19 15:42:33,924 [INFO] 配置文件被修改，重新加载配置...
2023-12-19 15:42:34,938 [INFO] 配置文件被修改，重新加载配置...
2023-12-19 15:42:34,971 [INFO] 访问成功！
2023-12-19 15:42:35,950 [INFO] 配置文件被修改，重新加载配置...
2023-12-19 15:42:36,956 [INFO] 配置文件被修改，重新加载配置...
2023-12-19 15:42:37,958 [INFO] 配置文件被修改，重新加载配置...
2023-12-19 15:42:38,959 [INFO] 配置文件被修改，重新加载配置...
2023-12-19 15:42:39,973 [INFO] 配置文件被修改，重新加载配置...
2023-12-19 15:42:40,984 [INFO] 配置文件被修改，重新加载配置...
2023-12-19 15:42:41,986 [INFO] 配置文件被修改，重新加载配置...
2023-12-19 15:42:42,998 [INFO] 配置文件被修改，重新加载配置...
2023-12-19 15:42:44,011 [INFO] 配置文件被修改，重新加载配置...
2023-12-19 15:42:45,026 [INFO] 配置文件被修改，重新加载配置...
2023-12-19 15:42:45,063 [INFO] 访问成功！
2023-12-19 15:42:46,038 [INFO] 配置文件被修改，重新加载配置...
2023-12-19 15:42:47,051 [INFO] 配置文件被修改，重新加载配置...
2023-12-19 15:42:48,064 [INFO] 配置文件被修改，重新加载配置...
2023-12-19 15:42:52,072 [INFO] 用户中断程序，程序中断开始，请稍后...
2023-12-19 15:42:52,271 [INFO] 访问成功！
2023-12-19 15:42:55,107 [INFO] 访问成功！
2023-12-19 15:43:05,149 [INFO] 访问成功！
2023-12-19 15:43:15,277 [INFO] 访问成功！
2023-12-19 15:43:15,309 [INFO] 访问成功！
2023-12-19 15:43:25,331 [INFO] 访问成功！
2023-12-19 15:43:35,377 [INFO] 访问成功！
2023-12-19 15:43:37,673 [INFO] 访问成功！
2023-12-19 15:43:45,423 [INFO] 访问成功！
2023-12-19 15:43:55,560 [INFO] 访问成功！
2023-12-19 15:44:03,633 [INFO] 访问成功！
2023-12-19 15:44:05,639 [INFO] 访问成功！
2023-12-19 15:44:15,868 [INFO] 访问成功！
2023-12-19 15:44:25,912 [INFO] 访问成功！
2023-12-19 15:44:28,577 [INFO] 访问成功！
2023-12-19 15:44:50,159 [INFO] 守护进程线程 file server check 正在执行...
2023-12-19 15:44:50,160 [INFO] 守护进程线程 system server check 正在执行...
2023-12-19 15:44:50,208 [INFO] system server check访问成功！
2023-12-19 15:44:54,762 [INFO] file server check访问成功！
2023-12-19 15:45:00,269 [INFO] system server check访问成功！
2023-12-19 15:45:10,350 [INFO] system server check访问成功！
2023-12-19 15:45:17,946 [INFO] file server check访问成功！
2023-12-19 15:45:20,467 [INFO] system server check访问成功！
2023-12-19 15:45:30,511 [INFO] system server check访问成功！
2023-12-19 15:45:40,350 [INFO] file server check访问成功！
2023-12-19 15:45:40,560 [INFO] system server check访问成功！
2023-12-19 15:45:50,679 [INFO] system server check访问成功！
2023-12-19 15:46:00,747 [INFO] system server check访问成功！
2023-12-19 15:46:03,228 [INFO] file server check访问成功！
2023-12-19 15:46:10,808 [INFO] system server check访问成功！
2023-12-19 15:46:20,880 [INFO] system server check访问成功！
2023-12-19 15:46:25,055 [INFO] file server check访问成功！
2023-12-19 15:46:30,935 [INFO] system server check访问成功！
2023-12-19 15:46:41,002 [INFO] system server check访问成功！
2023-12-19 15:46:47,061 [INFO] file server check访问成功！
2023-12-19 15:46:51,055 [INFO] system server check访问成功！
2023-12-19 15:46:55,268 [INFO] 配置文件被修改，重新加载配置...
2023-12-19 15:46:56,278 [INFO] 配置文件被修改，重新加载配置...
2023-12-19 15:47:01,110 [INFO] system server check访问成功！
2023-12-19 15:47:08,878 [INFO] file server check访问成功！
2023-12-19 15:47:11,176 [INFO] system server check访问成功！
2023-12-19 15:47:21,270 [INFO] system server check访问成功！
2023-12-19 15:47:33,453 [INFO] 守护进程线程 file 正在执行...
2023-12-19 15:47:33,454 [INFO] 守护进程线程 system 正在执行...
2023-12-19 15:47:33,554 [INFO] system访问成功！
2023-12-19 15:47:35,446 [INFO] file访问成功！
2023-12-19 15:47:43,604 [INFO] system访问成功！
2023-12-19 15:47:53,651 [INFO] system访问成功！
2023-12-19 15:47:57,675 [INFO] file访问成功！
2023-12-19 15:48:04,038 [INFO] system访问成功！
2023-12-19 15:48:14,082 [INFO] system访问成功！
2023-12-19 15:48:19,820 [INFO] file访问成功！
2023-12-19 15:48:24,291 [INFO] system访问成功！
2023-12-19 15:48:34,337 [INFO] system访问成功！
2023-12-19 15:48:41,897 [INFO] file访问成功！
2023-12-19 15:48:44,376 [INFO] system访问成功！
2023-12-19 15:48:54,426 [INFO] system访问成功！
2023-12-19 15:49:03,650 [INFO] file访问成功！
2023-12-19 15:49:04,463 [INFO] system访问成功！
2023-12-19 15:49:12,216 [INFO] 配置文件被修改，重新加载配置...
2023-12-19 15:49:13,221 [INFO] 配置文件被修改，重新加载配置...
2023-12-19 15:49:14,502 [INFO] system访问成功！
2023-12-19 15:49:24,550 [INFO] system访问成功！
2023-12-19 15:49:25,474 [INFO] file访问成功！
2023-12-19 15:49:34,628 [INFO] system访问成功！
2023-12-19 15:49:41,629 [INFO] 配置文件被修改，重新加载配置...
2023-12-19 15:49:42,649 [INFO] 配置文件被修改，重新加载配置...
2023-12-19 15:49:43,660 [INFO] 配置文件被修改，重新加载配置...
2023-12-19 15:49:44,666 [INFO] 配置文件被修改，重新加载配置...
2023-12-19 15:49:44,695 [INFO] system访问成功！
2023-12-19 15:49:45,674 [INFO] 配置文件被修改，重新加载配置...
2023-12-19 15:49:46,690 [INFO] 配置文件被修改，重新加载配置...
2023-12-19 15:49:47,203 [INFO] file访问成功！
2023-12-19 15:49:47,702 [INFO] 配置文件被修改，重新加载配置...
2023-12-19 15:49:48,717 [INFO] 配置文件被修改，重新加载配置...
2023-12-19 15:49:49,730 [INFO] 配置文件被修改，重新加载配置...
2023-12-19 15:49:50,739 [INFO] 配置文件被修改，重新加载配置...
2023-12-19 15:49:51,752 [INFO] 配置文件被修改，重新加载配置...
2023-12-19 15:49:52,753 [INFO] 配置文件被修改，重新加载配置...
2023-12-19 15:49:53,767 [INFO] 配置文件被修改，重新加载配置...
2023-12-19 15:49:54,759 [INFO] system访问成功！
2023-12-19 15:49:54,778 [INFO] 配置文件被修改，重新加载配置...
2023-12-19 15:49:55,793 [INFO] 配置文件被修改，重新加载配置...
2023-12-19 15:49:56,800 [INFO] 配置文件被修改，重新加载配置...
2023-12-19 15:49:57,812 [INFO] 配置文件被修改，重新加载配置...
2023-12-19 15:49:58,826 [INFO] 配置文件被修改，重新加载配置...
2023-12-19 15:49:59,827 [INFO] 配置文件被修改，重新加载配置...
2023-12-19 15:50:00,839 [INFO] 配置文件被修改，重新加载配置...
2023-12-19 15:50:05,182 [INFO] system访问成功！
2023-12-19 15:50:06,028 [INFO] 配置文件被修改，重新加载配置...
2023-12-19 15:50:07,034 [INFO] 配置文件被修改，重新加载配置...
2023-12-19 15:50:08,049 [INFO] 配置文件被修改，重新加载配置...
2023-12-19 15:50:09,061 [INFO] 配置文件被修改，重新加载配置...
2023-12-19 15:50:09,099 [INFO] file访问成功！
2023-12-19 15:50:10,064 [INFO] 配置文件被修改，重新加载配置...
2023-12-19 15:50:11,079 [INFO] 配置文件被修改，重新加载配置...
2023-12-19 15:50:12,087 [INFO] 配置文件被修改，重新加载配置...
2023-12-19 15:50:13,099 [INFO] 配置文件被修改，重新加载配置...
2023-12-19 15:50:14,114 [INFO] 配置文件被修改，重新加载配置...
2023-12-19 15:50:15,128 [INFO] 配置文件被修改，重新加载配置...
2023-12-19 15:50:15,258 [INFO] system访问成功！
2023-12-19 15:50:16,130 [INFO] 配置文件被修改，重新加载配置...
2023-12-19 15:50:17,131 [INFO] 配置文件被修改，重新加载配置...
2023-12-19 15:50:18,144 [INFO] 配置文件被修改，重新加载配置...
2023-12-19 15:50:19,157 [INFO] 配置文件被修改，重新加载配置...
2023-12-19 15:50:20,172 [INFO] 配置文件被修改，重新加载配置...
2023-12-19 15:50:21,184 [INFO] 配置文件被修改，重新加载配置...
2023-12-19 15:50:22,197 [INFO] 配置文件被修改，重新加载配置...
2023-12-19 15:50:23,209 [INFO] 配置文件被修改，重新加载配置...
2023-12-19 15:50:24,223 [INFO] 配置文件被修改，重新加载配置...
2023-12-19 15:50:25,238 [INFO] 配置文件被修改，重新加载配置...
2023-12-19 15:50:25,359 [INFO] system访问成功！
2023-12-19 15:50:26,244 [INFO] 配置文件被修改，重新加载配置...
2023-12-19 15:50:27,258 [INFO] 配置文件被修改，重新加载配置...
2023-12-19 15:50:28,270 [INFO] 配置文件被修改，重新加载配置...
2023-12-19 15:50:29,279 [INFO] 配置文件被修改，重新加载配置...
2023-12-19 15:50:30,293 [INFO] 配置文件被修改，重新加载配置...
2023-12-19 15:50:30,897 [INFO] file访问成功！
2023-12-19 15:50:31,304 [INFO] 配置文件被修改，重新加载配置...
2023-12-19 15:50:32,320 [INFO] 配置文件被修改，重新加载配置...
2023-12-19 15:50:33,335 [INFO] 配置文件被修改，重新加载配置...
2023-12-19 15:50:34,347 [INFO] 配置文件被修改，重新加载配置...
2023-12-19 15:50:35,359 [INFO] 配置文件被修改，重新加载配置...
2023-12-19 15:50:35,601 [INFO] system访问成功！
2023-12-19 15:50:36,374 [INFO] 配置文件被修改，重新加载配置...
2023-12-19 15:50:37,387 [INFO] 配置文件被修改，重新加载配置...
2023-12-19 15:50:38,398 [INFO] 配置文件被修改，重新加载配置...
2023-12-19 15:50:39,414 [INFO] 配置文件被修改，重新加载配置...
2023-12-19 15:50:40,426 [INFO] 配置文件被修改，重新加载配置...
2023-12-19 15:50:41,439 [INFO] 配置文件被修改，重新加载配置...
2023-12-19 15:50:42,448 [INFO] 配置文件被修改，重新加载配置...
2023-12-19 15:50:43,461 [INFO] 配置文件被修改，重新加载配置...
2023-12-19 15:50:44,465 [INFO] 配置文件被修改，重新加载配置...
2023-12-19 15:50:45,479 [INFO] 配置文件被修改，重新加载配置...
2023-12-19 15:50:45,638 [INFO] system访问成功！
2023-12-19 15:50:46,490 [INFO] 配置文件被修改，重新加载配置...
2023-12-19 15:50:47,499 [INFO] 配置文件被修改，重新加载配置...
2023-12-19 15:50:48,503 [INFO] 配置文件被修改，重新加载配置...
2023-12-19 15:50:49,505 [INFO] 配置文件被修改，重新加载配置...
2023-12-19 15:50:50,513 [INFO] 配置文件被修改，重新加载配置...
2023-12-19 15:50:51,528 [INFO] 配置文件被修改，重新加载配置...
2023-12-19 15:50:52,530 [INFO] 配置文件被修改，重新加载配置...
2023-12-19 15:50:52,746 [INFO] file访问成功！
2023-12-19 15:50:53,537 [INFO] 配置文件被修改，重新加载配置...
2023-12-19 15:50:54,538 [INFO] 配置文件被修改，重新加载配置...
2023-12-19 15:50:55,540 [INFO] 配置文件被修改，重新加载配置...
2023-12-19 15:50:55,781 [INFO] system访问成功！
2023-12-19 15:50:56,551 [INFO] 配置文件被修改，重新加载配置...
2023-12-19 15:50:57,562 [INFO] 配置文件被修改，重新加载配置...
2023-12-19 15:50:58,564 [INFO] 配置文件被修改，重新加载配置...
2023-12-19 15:50:59,568 [INFO] 配置文件被修改，重新加载配置...
2023-12-19 15:51:00,582 [INFO] 配置文件被修改，重新加载配置...
2023-12-19 15:51:01,597 [INFO] 配置文件被修改，重新加载配置...
2023-12-19 15:51:02,606 [INFO] 配置文件被修改，重新加载配置...
2023-12-19 15:51:03,616 [INFO] 配置文件被修改，重新加载配置...
2023-12-19 15:51:04,630 [INFO] 配置文件被修改，重新加载配置...
2023-12-19 15:51:05,634 [INFO] 配置文件被修改，重新加载配置...
2023-12-19 15:51:05,830 [INFO] system访问成功！
2023-12-19 15:51:06,648 [INFO] 配置文件被修改，重新加载配置...
2023-12-19 15:51:07,662 [INFO] 配置文件被修改，重新加载配置...
2023-12-19 15:51:08,678 [INFO] 配置文件被修改，重新加载配置...
2023-12-19 15:51:09,691 [INFO] 配置文件被修改，重新加载配置...
2023-12-19 15:51:10,705 [INFO] 配置文件被修改，重新加载配置...
2023-12-19 15:51:11,708 [INFO] 配置文件被修改，重新加载配置...
2023-12-19 15:51:12,720 [INFO] 配置文件被修改，重新加载配置...
2023-12-19 15:51:13,724 [INFO] 配置文件被修改，重新加载配置...
2023-12-19 15:51:14,740 [INFO] 配置文件被修改，重新加载配置...
2023-12-19 15:51:15,754 [INFO] 配置文件被修改，重新加载配置...
2023-12-19 15:51:15,879 [INFO] system访问成功！
2023-12-19 15:51:16,769 [INFO] 配置文件被修改，重新加载配置...
2023-12-19 15:51:17,105 [INFO] file访问成功！
2023-12-19 15:51:17,778 [INFO] 配置文件被修改，重新加载配置...
2023-12-19 15:51:18,792 [INFO] 配置文件被修改，重新加载配置...
2023-12-19 15:51:19,801 [INFO] 配置文件被修改，重新加载配置...
2023-12-19 15:51:20,804 [INFO] 配置文件被修改，重新加载配置...
2023-12-19 15:51:21,815 [INFO] 配置文件被修改，重新加载配置...
2023-12-19 15:51:22,830 [INFO] 配置文件被修改，重新加载配置...
2023-12-19 15:51:23,844 [INFO] 配置文件被修改，重新加载配置...
2023-12-19 15:51:24,848 [INFO] 配置文件被修改，重新加载配置...
2023-12-19 15:51:25,863 [INFO] 配置文件被修改，重新加载配置...
2023-12-19 15:51:25,928 [INFO] system访问成功！
2023-12-19 15:51:26,877 [INFO] 配置文件被修改，重新加载配置...
2023-12-19 15:51:27,879 [INFO] 配置文件被修改，重新加载配置...
2023-12-19 15:51:28,892 [INFO] 配置文件被修改，重新加载配置...
2023-12-19 15:51:29,906 [INFO] 配置文件被修改，重新加载配置...
2023-12-19 15:51:30,914 [INFO] 配置文件被修改，重新加载配置...
2023-12-19 15:51:31,928 [INFO] 配置文件被修改，重新加载配置...
2023-12-19 15:51:32,933 [INFO] 配置文件被修改，重新加载配置...
2023-12-19 15:51:33,939 [INFO] 配置文件被修改，重新加载配置...
2023-12-19 15:51:34,953 [INFO] 配置文件被修改，重新加载配置...
2023-12-19 15:51:35,956 [INFO] 配置文件被修改，重新加载配置...
2023-12-19 15:51:35,993 [INFO] system访问成功！
2023-12-19 15:51:36,958 [INFO] 配置文件被修改，重新加载配置...
2023-12-19 15:51:37,969 [INFO] 配置文件被修改，重新加载配置...
2023-12-19 15:51:38,972 [INFO] 配置文件被修改，重新加载配置...
2023-12-19 15:51:39,190 [INFO] file访问成功！
2023-12-19 15:51:39,982 [INFO] 配置文件被修改，重新加载配置...
2023-12-19 15:51:40,992 [INFO] 配置文件被修改，重新加载配置...
2023-12-19 15:51:41,997 [INFO] 配置文件被修改，重新加载配置...
2023-12-19 15:51:43,010 [INFO] 配置文件被修改，重新加载配置...
2023-12-19 15:51:44,012 [INFO] 配置文件被修改，重新加载配置...
2023-12-19 15:51:45,025 [INFO] 配置文件被修改，重新加载配置...
2023-12-19 15:51:46,028 [INFO] 配置文件被修改，重新加载配置...
2023-12-19 15:51:46,032 [INFO] system访问成功！
2023-12-19 15:51:47,030 [INFO] 配置文件被修改，重新加载配置...
2023-12-19 15:51:48,044 [INFO] 配置文件被修改，重新加载配置...
2023-12-19 15:51:49,045 [INFO] 配置文件被修改，重新加载配置...
2023-12-19 15:51:50,060 [INFO] 配置文件被修改，重新加载配置...
2023-12-19 15:51:51,072 [INFO] 配置文件被修改，重新加载配置...
2023-12-19 15:51:52,082 [INFO] 配置文件被修改，重新加载配置...
2023-12-19 15:51:53,091 [INFO] 配置文件被修改，重新加载配置...
2023-12-19 15:51:54,103 [INFO] 配置文件被修改，重新加载配置...
2023-12-19 15:51:55,114 [INFO] 配置文件被修改，重新加载配置...
2023-12-19 15:51:56,106 [INFO] system访问成功！
2023-12-19 15:51:56,123 [INFO] 配置文件被修改，重新加载配置...
2023-12-19 15:51:57,137 [INFO] 配置文件被修改，重新加载配置...
2023-12-19 15:51:58,150 [INFO] 配置文件被修改，重新加载配置...
2023-12-19 15:51:59,153 [INFO] 配置文件被修改，重新加载配置...
2023-12-19 15:52:00,160 [INFO] 配置文件被修改，重新加载配置...
2023-12-19 15:52:01,162 [INFO] 配置文件被修改，重新加载配置...
2023-12-19 15:52:01,422 [INFO] file访问成功！
2023-12-19 15:52:02,163 [INFO] 配置文件被修改，重新加载配置...
2023-12-19 15:52:03,178 [INFO] 配置文件被修改，重新加载配置...
2023-12-19 15:52:04,181 [INFO] 配置文件被修改，重新加载配置...
2023-12-19 15:52:05,184 [INFO] 配置文件被修改，重新加载配置...
2023-12-19 15:52:06,195 [INFO] 配置文件被修改，重新加载配置...
2023-12-19 15:52:06,498 [INFO] system访问成功！
2023-12-19 15:52:07,207 [INFO] 配置文件被修改，重新加载配置...
2023-12-19 15:52:08,210 [INFO] 配置文件被修改，重新加载配置...
2023-12-19 15:52:09,224 [INFO] 配置文件被修改，重新加载配置...
2023-12-19 15:52:10,237 [INFO] 配置文件被修改，重新加载配置...
2023-12-19 15:52:11,289 [INFO] 配置文件被修改，重新加载配置...
2023-12-19 15:52:12,291 [INFO] 配置文件被修改，重新加载配置...
2023-12-19 15:52:13,306 [INFO] 配置文件被修改，重新加载配置...
2023-12-19 15:52:14,321 [INFO] 配置文件被修改，重新加载配置...
2023-12-19 15:52:15,336 [INFO] 配置文件被修改，重新加载配置...
2023-12-19 15:52:16,350 [INFO] 配置文件被修改，重新加载配置...
2023-12-19 15:52:16,539 [INFO] system访问成功！
2023-12-19 15:52:17,360 [INFO] 配置文件被修改，重新加载配置...
2023-12-19 15:52:18,374 [INFO] 配置文件被修改，重新加载配置...
2023-12-19 15:52:19,384 [INFO] 配置文件被修改，重新加载配置...
2023-12-19 15:52:20,385 [INFO] 配置文件被修改，重新加载配置...
2023-12-19 15:52:21,401 [INFO] 配置文件被修改，重新加载配置...
2023-12-19 15:52:22,416 [INFO] 配置文件被修改，重新加载配置...
2023-12-19 15:52:23,118 [INFO] file访问成功！
2023-12-19 15:52:23,430 [INFO] 配置文件被修改，重新加载配置...
2023-12-19 15:52:24,445 [INFO] 配置文件被修改，重新加载配置...
2023-12-19 15:52:25,457 [INFO] 配置文件被修改，重新加载配置...
2023-12-19 15:52:26,472 [INFO] 配置文件被修改，重新加载配置...
2023-12-19 15:52:26,692 [INFO] system访问成功！
2023-12-19 15:52:26,693 [INFO] 访问成功！连续成功次数: 30
2023-12-19 15:52:26,693 [ERROR] 发生了异常: 'dict' object has no attribute 'send_notification'
2023-12-19 15:52:27,486 [INFO] 配置文件被修改，重新加载配置...
2023-12-19 15:52:28,499 [INFO] 配置文件被修改，重新加载配置...
2023-12-19 15:52:29,510 [INFO] 配置文件被修改，重新加载配置...
2023-12-19 15:52:30,520 [INFO] 配置文件被修改，重新加载配置...
2023-12-19 15:52:31,532 [INFO] 配置文件被修改，重新加载配置...
2023-12-19 15:52:32,547 [INFO] 配置文件被修改，重新加载配置...
2023-12-19 15:52:33,563 [INFO] 配置文件被修改，重新加载配置...
2023-12-19 15:52:34,566 [INFO] 配置文件被修改，重新加载配置...
2023-12-19 15:52:35,569 [INFO] 配置文件被修改，重新加载配置...
2023-12-19 15:52:36,584 [INFO] 配置文件被修改，重新加载配置...
2023-12-19 15:52:37,590 [INFO] 配置文件被修改，重新加载配置...
2023-12-19 15:52:38,607 [INFO] 配置文件被修改，重新加载配置...
2023-12-19 15:52:39,611 [INFO] 配置文件被修改，重新加载配置...
2023-12-19 15:52:40,614 [INFO] 配置文件被修改，重新加载配置...
2023-12-19 15:52:41,625 [INFO] 配置文件被修改，重新加载配置...
2023-12-19 15:52:42,626 [INFO] 配置文件被修改，重新加载配置...
2023-12-19 15:52:43,628 [INFO] 配置文件被修改，重新加载配置...
2023-12-19 15:52:44,638 [INFO] 配置文件被修改，重新加载配置...
2023-12-19 15:52:45,641 [INFO] 配置文件被修改，重新加载配置...
2023-12-19 15:52:45,741 [INFO] file访问成功！
2023-12-19 15:52:46,650 [INFO] 配置文件被修改，重新加载配置...
2023-12-19 15:52:47,652 [INFO] 配置文件被修改，重新加载配置...
2023-12-19 15:52:48,665 [INFO] 配置文件被修改，重新加载配置...
2023-12-19 15:52:49,677 [INFO] 配置文件被修改，重新加载配置...
2023-12-19 15:52:50,691 [INFO] 配置文件被修改，重新加载配置...
2023-12-19 15:52:51,694 [INFO] 配置文件被修改，重新加载配置...
2023-12-19 15:52:52,707 [INFO] 配置文件被修改，重新加载配置...
2023-12-19 15:52:53,709 [INFO] 配置文件被修改，重新加载配置...
2023-12-19 15:52:54,720 [INFO] 配置文件被修改，重新加载配置...
2023-12-19 15:52:55,731 [INFO] 配置文件被修改，重新加载配置...
2023-12-19 15:52:56,740 [INFO] 配置文件被修改，重新加载配置...
2023-12-19 15:52:57,750 [INFO] 配置文件被修改，重新加载配置...
2023-12-19 15:52:58,765 [INFO] 配置文件被修改，重新加载配置...
2023-12-19 15:52:59,778 [INFO] 配置文件被修改，重新加载配置...
2023-12-19 15:53:00,789 [INFO] 配置文件被修改，重新加载配置...
2023-12-19 15:53:01,800 [INFO] 配置文件被修改，重新加载配置...
2023-12-19 15:53:02,816 [INFO] 配置文件被修改，重新加载配置...
2023-12-19 15:53:03,830 [INFO] 配置文件被修改，重新加载配置...
2023-12-19 15:53:04,839 [INFO] 配置文件被修改，重新加载配置...
2023-12-19 15:53:05,851 [INFO] 配置文件被修改，重新加载配置...
2023-12-19 15:53:06,854 [INFO] 配置文件被修改，重新加载配置...
2023-12-19 15:53:07,711 [INFO] file访问成功！
2023-12-19 15:53:07,856 [INFO] 配置文件被修改，重新加载配置...
2023-12-19 15:53:08,872 [INFO] 配置文件被修改，重新加载配置...
2023-12-19 15:53:09,885 [INFO] 配置文件被修改，重新加载配置...
2023-12-19 15:53:10,895 [INFO] 配置文件被修改，重新加载配置...
2023-12-19 15:53:11,907 [INFO] 配置文件被修改，重新加载配置...
2023-12-19 15:53:12,919 [INFO] 配置文件被修改，重新加载配置...
2023-12-19 15:53:13,922 [INFO] 配置文件被修改，重新加载配置...
2023-12-19 15:53:14,935 [INFO] 配置文件被修改，重新加载配置...
2023-12-19 15:53:15,936 [INFO] 配置文件被修改，重新加载配置...
2023-12-19 15:53:16,947 [INFO] 配置文件被修改，重新加载配置...
2023-12-19 15:53:17,951 [INFO] 配置文件被修改，重新加载配置...
2023-12-19 15:53:18,961 [INFO] 配置文件被修改，重新加载配置...
2023-12-19 15:53:19,974 [INFO] 配置文件被修改，重新加载配置...
2023-12-19 15:53:20,977 [INFO] 配置文件被修改，重新加载配置...
2023-12-19 15:53:21,979 [INFO] 配置文件被修改，重新加载配置...
2023-12-19 15:53:22,992 [INFO] 配置文件被修改，重新加载配置...
2023-12-19 15:53:23,993 [INFO] 配置文件被修改，重新加载配置...
2023-12-19 15:53:25,008 [INFO] 配置文件被修改，重新加载配置...
2023-12-19 15:53:26,021 [INFO] 配置文件被修改，重新加载配置...
2023-12-19 15:53:26,733 [INFO] system访问成功！
2023-12-19 15:53:27,033 [INFO] 配置文件被修改，重新加载配置...
2023-12-19 15:53:28,035 [INFO] 配置文件被修改，重新加载配置...
2023-12-19 15:53:29,050 [INFO] 配置文件被修改，重新加载配置...
2023-12-19 15:53:29,885 [INFO] file访问成功！
2023-12-19 15:53:30,059 [INFO] 配置文件被修改，重新加载配置...
2023-12-19 15:53:31,075 [INFO] 配置文件被修改，重新加载配置...
2023-12-19 15:53:32,085 [INFO] 配置文件被修改，重新加载配置...
2023-12-19 15:53:33,097 [INFO] 配置文件被修改，重新加载配置...
2023-12-19 15:53:34,112 [INFO] 配置文件被修改，重新加载配置...
2023-12-19 15:53:35,127 [INFO] 配置文件被修改，重新加载配置...
2023-12-19 15:53:36,140 [INFO] 配置文件被修改，重新加载配置...
2023-12-19 15:53:36,778 [INFO] system访问成功！
2023-12-19 15:53:37,144 [INFO] 配置文件被修改，重新加载配置...
2023-12-19 15:53:38,155 [INFO] 配置文件被修改，重新加载配置...
2023-12-19 15:53:39,157 [INFO] 配置文件被修改，重新加载配置...
2023-12-19 15:53:40,160 [INFO] 配置文件被修改，重新加载配置...
2023-12-19 15:53:41,173 [INFO] 配置文件被修改，重新加载配置...
2023-12-19 15:53:42,186 [INFO] 配置文件被修改，重新加载配置...
2023-12-19 15:53:43,198 [INFO] 配置文件被修改，重新加载配置...
2023-12-19 15:53:44,201 [INFO] 配置文件被修改，重新加载配置...
2023-12-19 15:53:45,215 [INFO] 配置文件被修改，重新加载配置...
2023-12-19 15:53:46,227 [INFO] 配置文件被修改，重新加载配置...
2023-12-19 15:53:46,817 [INFO] system访问成功！
2023-12-19 15:53:47,241 [INFO] 配置文件被修改，重新加载配置...
2023-12-19 15:53:48,246 [INFO] 配置文件被修改，重新加载配置...
2023-12-19 15:53:49,261 [INFO] 配置文件被修改，重新加载配置...
2023-12-19 15:53:50,273 [INFO] 配置文件被修改，重新加载配置...
2023-12-19 15:53:51,288 [INFO] 配置文件被修改，重新加载配置...
2023-12-19 15:53:51,834 [INFO] file访问成功！
2023-12-19 15:53:52,304 [INFO] 配置文件被修改，重新加载配置...
2023-12-19 15:53:53,319 [INFO] 配置文件被修改，重新加载配置...
2023-12-19 15:53:54,321 [INFO] 配置文件被修改，重新加载配置...
2023-12-19 15:53:55,335 [INFO] 配置文件被修改，重新加载配置...
2023-12-19 15:53:56,336 [INFO] 配置文件被修改，重新加载配置...
2023-12-19 15:53:56,866 [INFO] system访问成功！
2023-12-19 15:53:57,339 [INFO] 配置文件被修改，重新加载配置...
2023-12-19 15:53:58,350 [INFO] 配置文件被修改，重新加载配置...
2023-12-19 15:53:59,356 [INFO] 配置文件被修改，重新加载配置...
2023-12-19 15:54:00,370 [INFO] 配置文件被修改，重新加载配置...
2023-12-19 15:54:01,381 [INFO] 配置文件被修改，重新加载配置...
2023-12-19 15:54:02,394 [INFO] 配置文件被修改，重新加载配置...
2023-12-19 15:54:03,408 [INFO] 配置文件被修改，重新加载配置...
2023-12-19 15:54:04,410 [INFO] 配置文件被修改，重新加载配置...
2023-12-19 15:54:05,420 [INFO] 配置文件被修改，重新加载配置...
2023-12-19 15:54:06,430 [INFO] 配置文件被修改，重新加载配置...
2023-12-19 15:54:07,228 [INFO] system访问成功！
2023-12-19 15:54:07,444 [INFO] 配置文件被修改，重新加载配置...
2023-12-19 15:54:08,454 [INFO] 配置文件被修改，重新加载配置...
2023-12-19 15:54:09,466 [INFO] 配置文件被修改，重新加载配置...
2023-12-19 15:54:10,478 [INFO] 配置文件被修改，重新加载配置...
2023-12-19 15:54:11,494 [INFO] 配置文件被修改，重新加载配置...
2023-12-19 15:54:12,508 [INFO] 配置文件被修改，重新加载配置...
2023-12-19 15:54:13,522 [INFO] 配置文件被修改，重新加载配置...
2023-12-19 15:54:13,543 [INFO] file访问成功！
2023-12-19 15:54:14,523 [INFO] 配置文件被修改，重新加载配置...
2023-12-19 15:54:15,536 [INFO] 配置文件被修改，重新加载配置...
2023-12-19 15:54:16,550 [INFO] 配置文件被修改，重新加载配置...
2023-12-19 15:54:17,283 [INFO] system访问成功！
2023-12-19 15:54:17,559 [INFO] 配置文件被修改，重新加载配置...
2023-12-19 15:54:18,574 [INFO] 配置文件被修改，重新加载配置...
2023-12-19 15:54:19,583 [INFO] 配置文件被修改，重新加载配置...
2023-12-19 15:54:20,585 [INFO] 配置文件被修改，重新加载配置...
2023-12-19 15:54:21,593 [INFO] 配置文件被修改，重新加载配置...
2023-12-19 15:54:22,603 [INFO] 配置文件被修改，重新加载配置...
2023-12-19 15:54:23,613 [INFO] 配置文件被修改，重新加载配置...
2023-12-19 15:54:24,627 [INFO] 配置文件被修改，重新加载配置...
2023-12-19 15:54:25,629 [INFO] 配置文件被修改，重新加载配置...
2023-12-19 15:54:26,631 [INFO] 配置文件被修改，重新加载配置...
2023-12-19 15:54:27,325 [INFO] system访问成功！
2023-12-19 15:54:27,644 [INFO] 配置文件被修改，重新加载配置...
2023-12-19 15:54:28,659 [INFO] 配置文件被修改，重新加载配置...
2023-12-19 15:54:29,670 [INFO] 配置文件被修改，重新加载配置...
2023-12-19 15:54:30,686 [INFO] 配置文件被修改，重新加载配置...
2023-12-19 15:54:31,702 [INFO] 配置文件被修改，重新加载配置...
2023-12-19 15:54:32,716 [INFO] 配置文件被修改，重新加载配置...
2023-12-19 15:54:33,732 [INFO] 配置文件被修改，重新加载配置...
2023-12-19 15:54:34,735 [INFO] 配置文件被修改，重新加载配置...
2023-12-19 15:54:35,738 [INFO] 配置文件被修改，重新加载配置...
2023-12-19 15:54:35,933 [INFO] file访问成功！
2023-12-19 15:54:36,753 [INFO] 配置文件被修改，重新加载配置...
2023-12-19 15:54:37,381 [INFO] system访问成功！
2023-12-19 15:54:37,758 [INFO] 配置文件被修改，重新加载配置...
2023-12-19 15:54:38,773 [INFO] 配置文件被修改，重新加载配置...
2023-12-19 15:54:39,787 [INFO] 配置文件被修改，重新加载配置...
2023-12-19 15:54:40,802 [INFO] 配置文件被修改，重新加载配置...
2023-12-19 15:54:41,818 [INFO] 配置文件被修改，重新加载配置...
2023-12-19 15:54:42,819 [INFO] 配置文件被修改，重新加载配置...
2023-12-19 15:54:43,823 [INFO] 配置文件被修改，重新加载配置...
2023-12-19 15:54:44,828 [INFO] 配置文件被修改，重新加载配置...
2023-12-19 15:54:45,842 [INFO] 配置文件被修改，重新加载配置...
2023-12-19 15:54:46,853 [INFO] 配置文件被修改，重新加载配置...
2023-12-19 15:54:47,459 [INFO] system访问成功！
2023-12-19 15:54:47,867 [INFO] 配置文件被修改，重新加载配置...
2023-12-19 15:54:48,871 [INFO] 配置文件被修改，重新加载配置...
2023-12-19 15:54:49,886 [INFO] 配置文件被修改，重新加载配置...
2023-12-19 15:54:50,902 [INFO] 配置文件被修改，重新加载配置...
2023-12-19 15:54:51,913 [INFO] 配置文件被修改，重新加载配置...
2023-12-19 15:54:52,923 [INFO] 配置文件被修改，重新加载配置...
2023-12-19 15:54:53,927 [INFO] 配置文件被修改，重新加载配置...
2023-12-19 15:54:54,931 [INFO] 配置文件被修改，重新加载配置...
2023-12-19 15:54:55,946 [INFO] 配置文件被修改，重新加载配置...
2023-12-19 15:54:56,963 [INFO] 配置文件被修改，重新加载配置...
2023-12-19 15:54:57,502 [INFO] system访问成功！
2023-12-19 15:54:57,972 [INFO] 配置文件被修改，重新加载配置...
2023-12-19 15:54:58,808 [INFO] file访问成功！
2023-12-19 15:54:58,975 [INFO] 配置文件被修改，重新加载配置...
2023-12-19 15:54:59,990 [INFO] 配置文件被修改，重新加载配置...
2023-12-19 15:55:01,005 [INFO] 配置文件被修改，重新加载配置...
2023-12-19 15:55:02,018 [INFO] 配置文件被修改，重新加载配置...
2023-12-19 15:55:03,033 [INFO] 配置文件被修改，重新加载配置...
2023-12-19 15:55:04,043 [INFO] 配置文件被修改，重新加载配置...
2023-12-19 15:55:05,055 [INFO] 配置文件被修改，重新加载配置...
2023-12-19 15:55:06,066 [INFO] 配置文件被修改，重新加载配置...
2023-12-19 15:55:07,068 [INFO] 配置文件被修改，重新加载配置...
2023-12-19 15:55:07,553 [INFO] system访问成功！
2023-12-19 15:55:08,070 [INFO] 配置文件被修改，重新加载配置...
2023-12-19 15:55:09,086 [INFO] 配置文件被修改，重新加载配置...
2023-12-19 15:55:10,099 [INFO] 配置文件被修改，重新加载配置...
2023-12-19 15:55:11,112 [INFO] 配置文件被修改，重新加载配置...
2023-12-19 15:55:12,114 [INFO] 配置文件被修改，重新加载配置...
2023-12-19 15:55:13,128 [INFO] 配置文件被修改，重新加载配置...
2023-12-19 15:55:17,605 [INFO] system访问成功！
2023-12-19 15:55:19,125 [INFO] 用户中断程序，程序中断开始，请稍后...
2023-12-19 15:55:20,600 [INFO] file访问成功！
2023-12-19 15:55:27,660 [INFO] system访问成功！
2023-12-19 15:55:37,710 [INFO] system访问成功！
2023-12-19 15:55:43,315 [INFO] file访问成功！
2023-12-19 15:55:47,756 [INFO] system访问成功！
2023-12-19 15:55:57,804 [INFO] system访问成功！
2023-12-19 15:56:05,305 [INFO] file访问成功！
2023-12-19 15:56:08,192 [INFO] system访问成功！
2023-12-19 15:56:18,246 [INFO] system访问成功！
2023-12-19 15:56:27,970 [INFO] file访问成功！
2023-12-19 15:56:28,291 [INFO] system访问成功！
2023-12-19 15:56:38,338 [INFO] system访问成功！
2023-12-19 15:56:48,440 [INFO] system访问成功！
2023-12-19 15:56:50,741 [INFO] file访问成功！
2023-12-19 15:56:58,502 [INFO] system访问成功！
2023-12-19 15:57:08,550 [INFO] system访问成功！
2023-12-19 15:57:13,939 [INFO] file访问成功！
2023-12-19 15:57:18,594 [INFO] system访问成功！
